This is pdfTeX, Version 3.14159265-2.6-1.40.16 (TeX Live 2015) (preloaded format=pdflatex 2016.4.25)  14 MAY 2016 18:38
entering extended mode
 restricted \write18 enabled.
 file:line:error style messages enabled.
 %&-line parsing enabled.
**0069053128_Dino_Bikić.tex
(./0069053128_Dino_Bikić.tex
LaTeX2e <2015/01/01>
Babel <3.9l> and hyphenation patterns for 79 languages loaded.
(./tex_aux/rithesis_preamble.tex (./tex_aux/rithesis.cls
Document Class: tex_aux/rithesis 1995/10/31 UNM EECE dissertation class-mod 03/
27/02
(/usr/local/texlive/2015/texmf-dist/tex/latex/base/inputenc.sty
Package: inputenc 2015/03/17 v1.2c Input encoding file
\inpenc@prehook=\toks14
\inpenc@posthook=\toks15

(/usr/local/texlive/2015/texmf-dist/tex/latex/base/cp1250.def
File: cp1250.def 2015/03/17 v1.2c Input encoding file
))
(/usr/local/texlive/2015/texmf-dist/tex/latex/graphics/color.sty
Package: color 2014/10/28 v1.1a Standard LaTeX Color (DPC)

(/usr/local/texlive/2015/texmf-dist/tex/latex/latexconfig/color.cfg
File: color.cfg 2007/01/18 v1.5 color configuration of teTeX/TeXLive
)
Package color Info: Driver file: pdftex.def on input line 142.

(/usr/local/texlive/2015/texmf-dist/tex/latex/pdftex-def/pdftex.def
File: pdftex.def 2011/05/27 v0.06d Graphics/color for pdfTeX

(/usr/local/texlive/2015/texmf-dist/tex/generic/oberdiek/infwarerr.sty
Package: infwarerr 2010/04/08 v1.3 Providing info/warning/error messages (HO)
)
(/usr/local/texlive/2015/texmf-dist/tex/generic/oberdiek/ltxcmds.sty
Package: ltxcmds 2011/11/09 v1.22 LaTeX kernel commands for general use (HO)
)
\Gread@gobject=\count79
))
(./tex_aux/ri12.clo
File: ri12.clo 1995/07/26 Standard UNM file (size option)-mod 09/17/01
)
\@chosenpointsize=\skip41
\@scaledpointsize=\skip42
\@fancybox=\box26
\do@VerbBox=\toks16
\@temptextheight=\skip43
\@temptextwidth=\skip44
\@temptopmargin=\skip45
\@tempheadheight=\skip46
\@tempheadsep=\skip47
\@tempfootskip=\skip48
\c@part=\count80
\c@chapter=\count81
\c@section=\count82
\c@subsection=\count83
\c@subsubsection=\count84
\c@paragraph=\count85
\c@subparagraph=\count86
\c@figure=\count87
\c@table=\count88
\abovecaptionskip=\skip49
\belowcaptionskip=\skip50
\bibindent=\dimen102
)
(/usr/local/texlive/2015/texmf-dist/tex/generic/babel/babel.sty
Package: babel 2014/09/25 3.9l The Babel package

(/usr/local/texlive/2015/texmf-dist/tex/generic/babel-croatian/croatian.ldf
Language: croatian 2014/03/31 v1.3m Croatian support from the babel system

(/usr/local/texlive/2015/texmf-dist/tex/generic/babel/babel.def
File: babel.def 2014/09/25 3.9l Babel common definitions
\babel@savecnt=\count89
\U@D=\dimen103
)))
(/usr/local/texlive/2015/texmf-dist/tex/latex/graphics/graphicx.sty
Package: graphicx 2014/10/28 v1.0g Enhanced LaTeX Graphics (DPC,SPQR)

(/usr/local/texlive/2015/texmf-dist/tex/latex/graphics/keyval.sty
Package: keyval 2014/10/28 v1.15 key=value parser (DPC)
\KV@toks@=\toks17
)
(/usr/local/texlive/2015/texmf-dist/tex/latex/graphics/graphics.sty
Package: graphics 2014/10/28 v1.0p Standard LaTeX Graphics (DPC,SPQR)

(/usr/local/texlive/2015/texmf-dist/tex/latex/graphics/trig.sty
Package: trig 1999/03/16 v1.09 sin cos tan (DPC)
)
(/usr/local/texlive/2015/texmf-dist/tex/latex/latexconfig/graphics.cfg
File: graphics.cfg 2010/04/23 v1.9 graphics configuration of TeX Live
)
Package graphics Info: Driver file: pdftex.def on input line 94.
)
\Gin@req@height=\dimen104
\Gin@req@width=\dimen105
)
(/usr/local/texlive/2015/texmf-dist/tex/latex/caption/caption.sty
Package: caption 2013/05/02 v3.3-89 Customizing captions (AR)

(/usr/local/texlive/2015/texmf-dist/tex/latex/caption/caption3.sty
Package: caption3 2013/05/02 v1.6-88 caption3 kernel (AR)
Package caption3 Info: TeX engine: e-TeX on input line 57.
\captionmargin=\dimen106
\captionmargin@=\dimen107
\captionwidth=\dimen108
\caption@tempdima=\dimen109
\caption@indent=\dimen110
\caption@parindent=\dimen111
\caption@hangindent=\dimen112
)
\c@ContinuedFloat=\count90
)
(/usr/local/texlive/2015/texmf-dist/tex/latex/subfig/subfig.sty
Package: subfig 2005/06/28 ver: 1.3 subfig package
\c@KVtest=\count91
\sf@farskip=\skip51
\sf@captopadj=\dimen113
\sf@capskip=\skip52
\sf@nearskip=\skip53
\c@subfigure=\count92
\c@subfigure@save=\count93
\c@lofdepth=\count94
\c@subtable=\count95
\c@subtable@save=\count96
\c@lotdepth=\count97
\sf@top=\skip54
\sf@bottom=\skip55
)
(/usr/local/texlive/2015/texmf-dist/tex/latex/amsmath/amsmath.sty
Package: amsmath 2013/01/14 v2.14 AMS math features
\@mathmargin=\skip56

For additional information on amsmath, use the `?' option.
(/usr/local/texlive/2015/texmf-dist/tex/latex/amsmath/amstext.sty
Package: amstext 2000/06/29 v2.01

(/usr/local/texlive/2015/texmf-dist/tex/latex/amsmath/amsgen.sty
File: amsgen.sty 1999/11/30 v2.0
\@emptytoks=\toks18
\ex@=\dimen114
))
(/usr/local/texlive/2015/texmf-dist/tex/latex/amsmath/amsbsy.sty
Package: amsbsy 1999/11/29 v1.2d
\pmbraise@=\dimen115
)
(/usr/local/texlive/2015/texmf-dist/tex/latex/amsmath/amsopn.sty
Package: amsopn 1999/12/14 v2.01 operator names
)
\inf@bad=\count98
LaTeX Info: Redefining \frac on input line 210.
\uproot@=\count99
\leftroot@=\count100
LaTeX Info: Redefining \overline on input line 306.
\classnum@=\count101
\DOTSCASE@=\count102
LaTeX Info: Redefining \ldots on input line 378.
LaTeX Info: Redefining \dots on input line 381.
LaTeX Info: Redefining \cdots on input line 466.
\Mathstrutbox@=\box27
\strutbox@=\box28
\big@size=\dimen116
LaTeX Font Info:    Redeclaring font encoding OML on input line 566.
LaTeX Font Info:    Redeclaring font encoding OMS on input line 567.
\macc@depth=\count103
\c@MaxMatrixCols=\count104
\dotsspace@=\muskip10
\c@parentequation=\count105
\dspbrk@lvl=\count106
\tag@help=\toks19
\row@=\count107
\column@=\count108
\maxfields@=\count109
\andhelp@=\toks20
\eqnshift@=\dimen117
\alignsep@=\dimen118
\tagshift@=\dimen119
\tagwidth@=\dimen120
\totwidth@=\dimen121
\lineht@=\dimen122
\@envbody=\toks21
\multlinegap=\skip57
\multlinetaggap=\skip58
\mathdisplay@stack=\toks22
LaTeX Info: Redefining \[ on input line 2665.
LaTeX Info: Redefining \] on input line 2666.
)
(/usr/local/texlive/2015/texmf-dist/tex/latex/amsfonts/amssymb.sty
Package: amssymb 2013/01/14 v3.01 AMS font symbols

(/usr/local/texlive/2015/texmf-dist/tex/latex/amsfonts/amsfonts.sty
Package: amsfonts 2013/01/14 v3.01 Basic AMSFonts support
\symAMSa=\mathgroup4
\symAMSb=\mathgroup5
LaTeX Font Info:    Overwriting math alphabet `\mathfrak' in version `bold'
(Font)                  U/euf/m/n --> U/euf/b/n on input line 106.
))
(/usr/local/texlive/2015/texmf-dist/tex/latex/graphics/epsfig.sty
Package: epsfig 1999/02/16 v1.7a (e)psfig emulation (SPQR)
\epsfxsize=\dimen123
\epsfysize=\dimen124
)
(/usr/local/texlive/2015/texmf-dist/tex/latex/oberdiek/epstopdf.sty
Package: epstopdf 2010/02/09 v2.5 Conversion with epstopdf on the fly (HO)

(/usr/local/texlive/2015/texmf-dist/tex/latex/oberdiek/epstopdf-base.sty
Package: epstopdf-base 2010/02/09 v2.5 Base part for package epstopdf

(/usr/local/texlive/2015/texmf-dist/tex/latex/oberdiek/grfext.sty
Package: grfext 2010/08/19 v1.1 Manage graphics extensions (HO)

(/usr/local/texlive/2015/texmf-dist/tex/generic/oberdiek/kvdefinekeys.sty
Package: kvdefinekeys 2011/04/07 v1.3 Define keys (HO)
))
(/usr/local/texlive/2015/texmf-dist/tex/latex/oberdiek/kvoptions.sty
Package: kvoptions 2011/06/30 v3.11 Key value format for package options (HO)

(/usr/local/texlive/2015/texmf-dist/tex/generic/oberdiek/kvsetkeys.sty
Package: kvsetkeys 2012/04/25 v1.16 Key value parser (HO)

(/usr/local/texlive/2015/texmf-dist/tex/generic/oberdiek/etexcmds.sty
Package: etexcmds 2011/02/16 v1.5 Avoid name clashes with e-TeX commands (HO)

(/usr/local/texlive/2015/texmf-dist/tex/generic/oberdiek/ifluatex.sty
Package: ifluatex 2010/03/01 v1.3 Provides the ifluatex switch (HO)
Package ifluatex Info: LuaTeX not detected.
)
Package etexcmds Info: Could not find \expanded.
(etexcmds)             That can mean that you are not using pdfTeX 1.50 or
(etexcmds)             that some package has redefined \expanded.
(etexcmds)             In the latter case, load this package earlier.
)))
(/usr/local/texlive/2015/texmf-dist/tex/generic/oberdiek/pdftexcmds.sty
Package: pdftexcmds 2011/11/29 v0.20 Utility functions of pdfTeX for LuaTeX (HO
)

(/usr/local/texlive/2015/texmf-dist/tex/generic/oberdiek/ifpdf.sty
Package: ifpdf 2011/01/30 v2.3 Provides the ifpdf switch (HO)
Package ifpdf Info: pdfTeX in PDF mode is detected.
)
Package pdftexcmds Info: LuaTeX not detected.
Package pdftexcmds Info: \pdf@primitive is available.
Package pdftexcmds Info: \pdf@ifprimitive is available.
Package pdftexcmds Info: \pdfdraftmode found.
)
Package grfext Info: Graphics extension search list:
(grfext)             [.png,.pdf,.jpg,.mps,.jpeg,.jbig2,.jb2,.PNG,.PDF,.JPG,.JPE
G,.JBIG2,.JB2,.eps]
(grfext)             \AppendGraphicsExtensions on input line 452.

(/usr/local/texlive/2015/texmf-dist/tex/latex/latexconfig/epstopdf-sys.cfg
File: epstopdf-sys.cfg 2010/07/13 v1.3 Configuration of (r)epstopdf for TeX Liv
e
)))
(/usr/local/texlive/2015/texmf-dist/tex/latex/placeins/placeins.sty
Package: placeins 2005/04/18  v 2.2
)
(/usr/local/texlive/2015/texmf-dist/tex/latex/siunitx/siunitx.sty
(/usr/local/texlive/2015/texmf-dist/tex/latex/l3kernel/expl3.sty
Package: expl3 2015/03/01 v5547 L3 programming layer (loader) 

(/usr/local/texlive/2015/texmf-dist/tex/latex/l3kernel/expl3-code.tex
Package: expl3 2015/03/01 v5547 L3 programming layer (code) 
L3 Module: l3bootstrap 2015/02/28 v5542 L3 Bootstrap code
L3 Module: l3names 2015/02/24 v5535 L3 Namespace for primitives
L3 Module: l3basics 2015/01/27 v5500 L3 Basic definitions
L3 Module: l3expan 2014/11/27 v5472 L3 Argument expansion
L3 Module: l3tl 2015/01/27 v5500 L3 Token lists
L3 Module: l3str 2015/03/01 v5545 L3 Strings
L3 Module: l3seq 2014/08/23 v5354 L3 Sequences and stacks
L3 Module: l3int 2015/02/21 v5529 L3 Integers
\c_max_int=\count110
\l_tmpa_int=\count111
\l_tmpb_int=\count112
\g_tmpa_int=\count113
\g_tmpb_int=\count114
L3 Module: l3quark 2014/08/23 v5354 L3 Quarks
L3 Module: l3prg 2014/08/23 v5354 L3 Control structures
\g__prg_map_int=\count115
L3 Module: l3clist 2014/08/23 v5354 L3 Comma separated lists
L3 Module: l3token 2014/09/15 v5422 L3 Experimental token manipulation
L3 Module: l3prop 2014/08/23 v5354 L3 Property lists
L3 Module: l3msg 2015/02/26 v5537 L3 Messages
L3 Module: l3file 2014/08/24 v5369 L3 File and I/O operations
\l_iow_line_count_int=\count116
\l__iow_target_count_int=\count117
\l__iow_current_line_int=\count118
\l__iow_current_word_int=\count119
\l__iow_current_indentation_int=\count120
L3 Module: l3skip 2014/08/23 v5354 L3 Dimensions and skips
\c_zero_dim=\dimen125
\c_max_dim=\dimen126
\l_tmpa_dim=\dimen127
\l_tmpb_dim=\dimen128
\g_tmpa_dim=\dimen129
\g_tmpb_dim=\dimen130
\c_zero_skip=\skip59
\c_max_skip=\skip60
\l_tmpa_skip=\skip61
\l_tmpb_skip=\skip62
\g_tmpa_skip=\skip63
\g_tmpb_skip=\skip64
\c_zero_muskip=\muskip11
\c_max_muskip=\muskip12
\l_tmpa_muskip=\muskip13
\l_tmpb_muskip=\muskip14
\g_tmpa_muskip=\muskip15
\g_tmpb_muskip=\muskip16
L3 Module: l3keys 2015/01/27 v5500 L3 Key-value interfaces
\g__keyval_level_int=\count121
\l_keys_choice_int=\count122
L3 Module: l3fp 2014/08/22 v5336 L3 Floating points
\c__fp_leading_shift_int=\count123
\c__fp_middle_shift_int=\count124
\c__fp_trailing_shift_int=\count125
\c__fp_big_leading_shift_int=\count126
\c__fp_big_middle_shift_int=\count127
\c__fp_big_trailing_shift_int=\count128
\c__fp_Bigg_leading_shift_int=\count129
\c__fp_Bigg_middle_shift_int=\count130
\c__fp_Bigg_trailing_shift_int=\count131
L3 Module: l3box 2014/08/23 v5354 L3 Experimental boxes
\c_empty_box=\box29
\l_tmpa_box=\box30
\l_tmpb_box=\box31
\g_tmpa_box=\box32
\g_tmpb_box=\box33
L3 Module: l3coffins 2014/08/23 v5354 L3 Coffin code layer
\l__coffin_internal_box=\box34
\l__coffin_internal_dim=\dimen131
\l__coffin_offset_x_dim=\dimen132
\l__coffin_offset_y_dim=\dimen133
\l__coffin_x_dim=\dimen134
\l__coffin_y_dim=\dimen135
\l__coffin_x_prime_dim=\dimen136
\l__coffin_y_prime_dim=\dimen137
\c_empty_coffin=\box35
\l__coffin_aligned_coffin=\box36
\l__coffin_aligned_internal_coffin=\box37
\l_tmpa_coffin=\box38
\l_tmpb_coffin=\box39
\l__coffin_display_coffin=\box40
\l__coffin_display_coord_coffin=\box41
\l__coffin_display_pole_coffin=\box42
\l__coffin_display_offset_dim=\dimen138
\l__coffin_display_x_dim=\dimen139
\l__coffin_display_y_dim=\dimen140
L3 Module: l3color 2014/08/23 v5354 L3 Experimental color support
L3 Module: l3candidates 2015/03/01 v5544 L3 Experimental additions to l3kernel
\l__box_top_dim=\dimen141
\l__box_bottom_dim=\dimen142
\l__box_left_dim=\dimen143
\l__box_right_dim=\dimen144
\l__box_top_new_dim=\dimen145
\l__box_bottom_new_dim=\dimen146
\l__box_left_new_dim=\dimen147
\l__box_right_new_dim=\dimen148
\l__box_internal_box=\box43
\l__coffin_bounding_shift_dim=\dimen149
\l__coffin_left_corner_dim=\dimen150
\l__coffin_right_corner_dim=\dimen151
\l__coffin_bottom_corner_dim=\dimen152
\l__coffin_top_corner_dim=\dimen153
\l__coffin_scaled_total_height_dim=\dimen154
\l__coffin_scaled_width_dim=\dimen155
)
(/usr/local/texlive/2015/texmf-dist/tex/latex/l3kernel/l3unicode-data.def
File: l3unicode-data.def 2015/03/01 v5544 L3 Unicode data
)
(/usr/local/texlive/2015/texmf-dist/tex/latex/l3kernel/l3pdfmode.def
File: l3pdfmode.def 2015/03/01 v5544 L3 Experimental driver: PDF mode
\l__driver_color_stack_int=\count132
))
(/usr/local/texlive/2015/texmf-dist/tex/latex/l3packages/xparse/xparse.sty
Package: xparse 2014/11/25 v5471 L3 Experimental document command parser
\l__xparse_current_arg_int=\count133
\l__xparse_m_args_int=\count134
\l__xparse_mandatory_args_int=\count135
\l__xparse_processor_int=\count136
\l__xparse_v_nesting_int=\count137
)
Package: siunitx 2015/01/21 v2.6e A comprehensive (SI) units package

(/usr/local/texlive/2015/texmf-dist/tex/latex/tools/array.sty
Package: array 2014/10/28 v2.4c Tabular extension package (FMi)
\col@sep=\dimen156
\extrarowheight=\dimen157
\NC@list=\toks23
\extratabsurround=\skip65
\backup@length=\skip66
)
(/usr/local/texlive/2015/texmf-dist/tex/latex/l3packages/l3keys2e/l3keys2e.sty
Package: l3keys2e 2014/11/25 v5471 LaTeX2e option processing using LaTeX3 keys
)
Variant \tl_if_blank:VTF already defined; not changing it on line 50
\l__siunitx_tmp_box=\box44
\l__siunitx_tmp_dim=\dimen158
\l__siunitx_tmp_int=\count138
Variant \prop_get:NVNT already defined; not changing it on line 380
Variant \prop_get:NVNF already defined; not changing it on line 381
Variant \prop_get:NVNTF already defined; not changing it on line 382
\l__siunitx_number_mantissa_length_int=\count139
\l__siunitx_number_uncert_length_int=\count140
\l__siunitx_round_int=\count141
\l__siunitx_process_decimal_int=\count142
\l__siunitx_process_uncertainty_int=\count143
\l__siunitx_process_fixed_int=\count144
\l__siunitx_process_integer_min_int=\count145
\l__siunitx_process_precision_int=\count146
\l__siunitx_group_min_int=\count147
\l__siunitx_angle_marker_box=\box45
\l__siunitx_angle_unit_box=\box46
\l__siunitx_angle_marker_dim=\dimen159
\l__siunitx_angle_unit_dim=\dimen160
\l__siunitx_unit_int=\count148
\l__siunitx_unit_denominator_int=\count149
\l__siunitx_unit_numerator_int=\count150
\l__siunitx_unit_prefix_int=\count151
\l__siunitx_unit_prefix_base_int=\count152
\l__siunitx_unit_prefix_gram_int=\count153
\l__siunitx_number_product_int=\count154
\c__siunitx_one_fill_skip=\skip67
\l__siunitx_table_unit_align_skip=\skip68
\l__siunitx_table_exponent_dim=\dimen161
\l__siunitx_table_integer_dim=\dimen162
\l__siunitx_table_mantissa_dim=\dimen163
\l__siunitx_table_marker_dim=\dimen164
\l__siunitx_table_result_dim=\dimen165
\l__siunitx_table_uncert_dim=\dimen166
\l__siunitx_table_fill_pre_dim=\dimen167
\l__siunitx_table_fill_post_dim=\dimen168
\l__siunitx_table_fill_mid_dim=\dimen169
\l__siunitx_table_pre_box=\box47
\l__siunitx_table_post_box=\box48
\l__siunitx_table_mantissa_box=\box49
\l__siunitx_table_result_box=\box50
\l__siunitx_table_number_align_skip=\skip69
\l__siunitx_table_text_align_skip=\skip70
.................................................
. LaTeX info: "xparse/define-command"
. 
. Defining command \DeclareBinaryPrefix with sig. 'mmm' on line 7176.
.................................................
.................................................
. LaTeX info: "xparse/define-command"
. 
. Defining command \DeclareSIPostPower with sig. 'mm' on line 7179.
.................................................
.................................................
. LaTeX info: "xparse/define-command"
. 
. Defining command \DeclareSIPrefix with sig. 'mmm' on line 7182.
.................................................
.................................................
. LaTeX info: "xparse/define-command"
. 
. Defining command \DeclareSIPrePower with sig. 'mm' on line 7185.
.................................................
.................................................
. LaTeX info: "xparse/define-command"
. 
. Defining command \DeclareSIQualifier with sig. 'mm' on line 7188.
.................................................
.................................................
. LaTeX info: "xparse/define-command"
. 
. Defining command \DeclareSIUnit with sig. 'O{}mm' on line 7191.
.................................................
.................................................
. LaTeX info: "xparse/define-command"
. 
. Defining command \DeclareSIUnitWithOptions with sig. 'mmm' on line 7194.
.................................................
.................................................
. LaTeX info: "xparse/define-command"
. 
. Defining command \ang with sig. 'o>{\SplitArgument {2}{;}}m' on line 7209.
.................................................
.................................................
. LaTeX info: "xparse/define-command"
. 
. Defining command \num with sig. 'om' on line 7217.
.................................................
.................................................
. LaTeX info: "xparse/define-command"
. 
. Defining command \numlist with sig. 'o>{\SplitList {;}}m' on line 7225.
.................................................
.................................................
. LaTeX info: "xparse/define-command"
. 
. Defining command \numrange with sig. 'omm' on line 7233.
.................................................
.................................................
. LaTeX info: "xparse/define-command"
. 
. Defining command \SIlist with sig. 'o>{\SplitList {;}}mm' on line 7244.
.................................................
.................................................
. LaTeX info: "xparse/define-command"
. 
. Defining command \SIrange with sig. 'ommm' on line 7255.
.................................................
.................................................
. LaTeX info: "xparse/define-command"
. 
. Defining command \SI with sig. 'omom' on line 7266.
.................................................
.................................................
. LaTeX info: "xparse/define-command"
. 
. Defining command \sisetup with sig. 'm' on line 7269.
.................................................
.................................................
. LaTeX info: "xparse/define-command"
. 
. Defining command \tablenum with sig. 'om' on line 7281.
.................................................
.................................................
. LaTeX info: "xparse/define-command"
. 
. Defining command \si with sig. 'om' on line 7292.
.................................................
.................................................
. LaTeX info: "xparse/define-command"
. 
. Defining command \__siunitx_bookmark_num:w with sig. 'om' on line 7339.
.................................................
.................................................
. LaTeX info: "xparse/define-command"
. 
. Defining command \__siunitx_bookmark_numrange:w with sig. 'omm' on line
. 7341.
.................................................
.................................................
. LaTeX info: "xparse/define-command"
. 
. Defining command \__siunitx_bookmark_SI:w with sig. 'omom' on line 7343.
.................................................
.................................................
. LaTeX info: "xparse/define-command"
. 
. Defining command \__siunitx_bookmark_SIlist:w with sig. 'omm' on line 7345.
.................................................
.................................................
. LaTeX info: "xparse/define-command"
. 
. Defining command \__siunitx_bookmark_SIrange:w with sig. 'ommm' on line
. 7347.
.................................................
.................................................
. LaTeX info: "xparse/define-command"
. 
. Defining command \__siunitx_bookmark_si:w with sig. 'om' on line 7348.
.................................................
\g__file_internal_ior=\read1
(/usr/local/texlive/2015/texmf-dist/tex/latex/beamer/translator/translator.sty
Package: translator 2010/06/12 ver 1.10

(/usr/local/texlive/2015/texmf-dist/tex/latex/beamer/translator/translator-lang
uage-mappings.tex)))
(/usr/local/texlive/2015/texmf-dist/tex/latex/psfrag/psfrag.sty
Package: psfrag 1998/04/11 v3.04 PSfrag (MCG)
\pfg@pcount=\count155
\pfg@scount=\count156
\pfg@temp=\write3
)
(/usr/local/texlive/2015/texmf-dist/tex/latex/hyperref/hyperref.sty
Package: hyperref 2012/11/06 v6.83m Hypertext links for LaTeX

(/usr/local/texlive/2015/texmf-dist/tex/generic/oberdiek/hobsub-hyperref.sty
Package: hobsub-hyperref 2012/05/28 v1.13 Bundle oberdiek, subset hyperref (HO)


(/usr/local/texlive/2015/texmf-dist/tex/generic/oberdiek/hobsub-generic.sty
Package: hobsub-generic 2012/05/28 v1.13 Bundle oberdiek, subset generic (HO)
Package: hobsub 2012/05/28 v1.13 Construct package bundles (HO)
Package hobsub Info: Skipping package `infwarerr' (already loaded).
Package hobsub Info: Skipping package `ltxcmds' (already loaded).
Package hobsub Info: Skipping package `ifluatex' (already loaded).
Package: ifvtex 2010/03/01 v1.5 Detect VTeX and its facilities (HO)
Package ifvtex Info: VTeX not detected.
Package: intcalc 2007/09/27 v1.1 Expandable calculations with integers (HO)
Package hobsub Info: Skipping package `ifpdf' (already loaded).
Package hobsub Info: Skipping package `etexcmds' (already loaded).
Package hobsub Info: Skipping package `kvsetkeys' (already loaded).
Package hobsub Info: Skipping package `kvdefinekeys' (already loaded).
Package hobsub Info: Skipping package `pdftexcmds' (already loaded).
Package: pdfescape 2011/11/25 v1.13 Implements pdfTeX's escape features (HO)
Package: bigintcalc 2012/04/08 v1.3 Expandable calculations on big integers (HO
)
Package: bitset 2011/01/30 v1.1 Handle bit-vector datatype (HO)
Package: uniquecounter 2011/01/30 v1.2 Provide unlimited unique counter (HO)
)
Package hobsub Info: Skipping package `hobsub' (already loaded).
Package: letltxmacro 2010/09/02 v1.4 Let assignment for LaTeX macros (HO)
Package: hopatch 2012/05/28 v1.2 Wrapper for package hooks (HO)
Package: xcolor-patch 2011/01/30 xcolor patch
Package: atveryend 2011/06/30 v1.8 Hooks at the very end of document (HO)
Package atveryend Info: \enddocument detected (standard20110627).
Package: atbegshi 2011/10/05 v1.16 At begin shipout hook (HO)
Package: refcount 2011/10/16 v3.4 Data extraction from label references (HO)
Package: hycolor 2011/01/30 v1.7 Color options for hyperref/bookmark (HO)
)
(/usr/local/texlive/2015/texmf-dist/tex/generic/ifxetex/ifxetex.sty
Package: ifxetex 2010/09/12 v0.6 Provides ifxetex conditional
)
(/usr/local/texlive/2015/texmf-dist/tex/latex/oberdiek/auxhook.sty
Package: auxhook 2011/03/04 v1.3 Hooks for auxiliary files (HO)
)
\@linkdim=\dimen170
\Hy@linkcounter=\count157
\Hy@pagecounter=\count158

(/usr/local/texlive/2015/texmf-dist/tex/latex/hyperref/pd1enc.def
File: pd1enc.def 2012/11/06 v6.83m Hyperref: PDFDocEncoding definition (HO)
)
\Hy@SavedSpaceFactor=\count159

(/usr/local/texlive/2015/texmf-dist/tex/latex/latexconfig/hyperref.cfg
File: hyperref.cfg 2002/06/06 v1.2 hyperref configuration of TeXLive
)
Package hyperref Info: Option `final' set `true' on input line 4319.
Package hyperref Info: Hyper figures OFF on input line 4443.
Package hyperref Info: Link nesting OFF on input line 4448.
Package hyperref Info: Hyper index ON on input line 4451.
Package hyperref Info: Plain pages OFF on input line 4458.
Package hyperref Info: Backreferencing OFF on input line 4463.
Package hyperref Info: Implicit mode ON; LaTeX internals redefined.
Package hyperref Info: Bookmarks ON on input line 4688.
\c@Hy@tempcnt=\count160

(/usr/local/texlive/2015/texmf-dist/tex/latex/url/url.sty
\Urlmuskip=\muskip17
Package: url 2013/09/16  ver 3.4  Verb mode for urls, etc.
)
LaTeX Info: Redefining \url on input line 5041.
\XeTeXLinkMargin=\dimen171
\Fld@menulength=\count161
\Field@Width=\dimen172
\Fld@charsize=\dimen173
Package hyperref Info: Hyper figures OFF on input line 6295.
Package hyperref Info: Link nesting OFF on input line 6300.
Package hyperref Info: Hyper index ON on input line 6303.
Package hyperref Info: backreferencing OFF on input line 6310.
Package hyperref Info: Link coloring OFF on input line 6315.
Package hyperref Info: Link coloring with OCG OFF on input line 6320.
Package hyperref Info: PDF/A mode OFF on input line 6325.
LaTeX Info: Redefining \ref on input line 6365.
LaTeX Info: Redefining \pageref on input line 6369.
\Hy@abspage=\count162
\c@Item=\count163
\c@Hfootnote=\count164
)

Package hyperref Message: Driver (autodetected): hpdftex.

(/usr/local/texlive/2015/texmf-dist/tex/latex/hyperref/hpdftex.def
File: hpdftex.def 2012/11/06 v6.83m Hyperref driver for pdfTeX
\Fld@listcount=\count165
\c@bookmark@seq@number=\count166

(/usr/local/texlive/2015/texmf-dist/tex/latex/oberdiek/rerunfilecheck.sty
Package: rerunfilecheck 2011/04/15 v1.7 Rerun checks for auxiliary files (HO)
Package uniquecounter Info: New unique counter `rerunfilecheck' on input line 2
82.
)
\Hy@SectionHShift=\skip71
)
Package hyperref Info: Option `breaklinks' set `true' on input line 54.
Package hyperref Info: Option `colorlinks' set `true' on input line 54.
)

LaTeX Warning: Unused global option(s):
    [11].

(./0069053128_Dino_Bikić.aux (./01_Uvod.aux) (./02_Specifikacija_rada.aux)
(./03_NFC.aux) (./04_BLE.aux) (./05_Izvedba.aux) (./06_Android_aplikacija.aux)
(./07_Internetska_aplikacija.aux) (./08_Usporedba.aux) (./09_Zakljucak.aux)
(./Literatura.aux) (./Reference.aux))
\openout1 = `0069053128_Dino_Bikić.aux'.

LaTeX Font Info:    Checking defaults for OML/cmm/m/it on input line 4.
LaTeX Font Info:    ... okay on input line 4.
LaTeX Font Info:    Checking defaults for T1/cmr/m/n on input line 4.
LaTeX Font Info:    ... okay on input line 4.
LaTeX Font Info:    Checking defaults for OT1/cmr/m/n on input line 4.
LaTeX Font Info:    ... okay on input line 4.
LaTeX Font Info:    Checking defaults for OMS/cmsy/m/n on input line 4.
LaTeX Font Info:    ... okay on input line 4.
LaTeX Font Info:    Checking defaults for OMX/cmex/m/n on input line 4.
LaTeX Font Info:    ... okay on input line 4.
LaTeX Font Info:    Checking defaults for U/cmr/m/n on input line 4.
LaTeX Font Info:    ... okay on input line 4.
LaTeX Font Info:    Checking defaults for PD1/pdf/m/n on input line 4.
LaTeX Font Info:    ... okay on input line 4.

(/usr/local/texlive/2015/texmf-dist/tex/context/base/supp-pdf.mkii
[Loading MPS to PDF converter (version 2006.09.02).]
\scratchcounter=\count167
\scratchdimen=\dimen174
\scratchbox=\box51
\nofMPsegments=\count168
\nofMParguments=\count169
\everyMPshowfont=\toks24
\MPscratchCnt=\count170
\MPscratchDim=\dimen175
\MPnumerator=\count171
\makeMPintoPDFobject=\count172
\everyMPtoPDFconversion=\toks25
)
Package caption Info: Begin \AtBeginDocument code.
Package caption Info: subfig package v1.3 is loaded.
Package caption Info: hyperref package is loaded.
Package caption Info: End \AtBeginDocument code.

(/usr/local/texlive/2015/texmf-dist/tex/latex/beamer/translator/dicts/translato
r-basic-dictionary/translator-basic-dictionary-English.dict
Dictionary: translator-basic-dictionary, Language: English 
)
(/usr/local/texlive/2015/texmf-dist/tex/latex/siunitx/siunitx-abbreviations.cfg
File: siunitx-abbreviations.cfg 2015/01/21 v2.6e siunitx: Abbreviated units
)
\AtBeginShipoutBox=\box52
Package hyperref Info: Link coloring ON on input line 4.
 (/usr/local/texlive/2015/texmf-dist/tex/latex/hyperref/nameref.sty
Package: nameref 2012/10/27 v2.43 Cross-referencing by name of section

(/usr/local/texlive/2015/texmf-dist/tex/generic/oberdiek/gettitlestring.sty
Package: gettitlestring 2010/12/03 v1.4 Cleanup title references (HO)
)
\c@section@level=\count173
)
LaTeX Info: Redefining \ref on input line 4.
LaTeX Info: Redefining \pageref on input line 4.
LaTeX Info: Redefining \nameref on input line 4.

(./0069053128_Dino_Bikić.out) (./0069053128_Dino_Bikić.out)
\@outlinefile=\write4
\openout4 = `0069053128_Dino_Bikić.out'.

\c__siunitx_mathsf_int=\count174
LaTeX Font Info:    Try loading font information for U+msa on input line 4.

(/usr/local/texlive/2015/texmf-dist/tex/latex/amsfonts/umsa.fd
File: umsa.fd 2013/01/14 v3.01 AMS symbols A
)
LaTeX Font Info:    Try loading font information for U+msb on input line 4.

(/usr/local/texlive/2015/texmf-dist/tex/latex/amsfonts/umsb.fd
File: umsb.fd 2013/01/14 v3.01 AMS symbols B
)
\c__siunitx_mathtt_int=\count175
 [1
Non-PDF special ignored!


{/usr/local/texlive/2015/texmf-var/fonts/map/pdftex/updmap/pdftex.map}] [2


] [3


] [4

] (./0069053128_Dino_Bikić.toc [5

] [6])
\tf@toc=\write5
\openout5 = `0069053128_Dino_Bikić.toc'.

 [7]
(./0069053128_Dino_Bikić.lof
Overfull \hbox (15.33594pt too wide) in paragraph at lines 4--4
 [][] [][][]\OT1/cmr/m/n/12 Prikaz tlo-crta pos-lov-nice koja sadr^^Tzi NFC na-
ljep-nicu (a), BLE ogla^^Tsiva^^Tce 
 []


Underfull \vbox (badness 2197) has occurred while \output is active []

 [8

]
Underfull \vbox (badness 1527) has occurred while \output is active []

 [9])
\tf@lof=\write6
\openout6 = `0069053128_Dino_Bikić.lof'.


[10] (./Kratice.tex [11

] [12]) [13]
\openout2 = `01_Uvod.aux'.

 (./01_Uvod.tex
Poglavlje 1.

Underfull \vbox (badness 6157) has occurred while \output is active []

 [1



])
[2]
\openout2 = `02_Specifikacija_rada.aux'.

 (./02_Specifikacija_rada.tex
Poglavlje 2.
<slike/tlocrt.png, id=403, 736.7525pt x 406.51875pt>
File: slike/tlocrt.png Graphic file (type png)
 <use slike/tlocrt.png>
Package pdftex.def Info: slike/tlocrt.png used on input line 10.
(pdftex.def)             Requested size: 360.95567pt x 199.16928pt.

<slike/nfc_sken.png, id=405, 466.74374pt x 613.29124pt>
File: slike/nfc_sken.png Graphic file (type png)

<use slike/nfc_sken.png>
Package pdftex.def Info: slike/nfc_sken.png used on input line 20.
(pdftex.def)             Requested size: 259.84349pt x 341.43306pt.
 [3



]
<slike/ble_sken.png, id=411, 737.75626pt x 619.31375pt>
File: slike/ble_sken.png Graphic file (type png)

<use slike/ble_sken.png>
Package pdftex.def Info: slike/ble_sken.png used on input line 30.
(pdftex.def)             Requested size: 406.74657pt x 341.43306pt.
 [4 <./slike/tlocrt.png>] [5 <./slike/nfc_sken.png>]
[6 <./slike/ble_sken.png>] [7

]) [8]
\openout2 = `03_NFC.aux'.

 (./03_NFC.tex
Poglavlje 3.
<slike/nfc_forsquare.png, id=447, 1128.215pt x 1200.485pt>
File: slike/nfc_forsquare.png Graphic file (type png)

<use slike/nfc_forsquare.png>
Package pdftex.def Info: slike/nfc_forsquare.png used on input line 9.
(pdftex.def)             Requested size: 160.428pt x 170.71652pt.
 [9



]
<slike/nfc_logo.png, id=456, 513.92pt x 513.92pt>
File: slike/nfc_logo.png Graphic file (type png)
 <use slike/nfc_logo.png>
Package pdftex.def Info: slike/nfc_logo.png used on input line 19.
(pdftex.def)             Requested size: 113.80771pt x 113.81102pt.

[10 <./slike/nfc_forsquare.png> <./slike/nfc_logo.png>]
<slike/nfc_diagram.png, id=466, 860.21375pt x 248.93pt>
File: slike/nfc_diagram.png Graphic file (type png)

<use slike/nfc_diagram.png>
Package pdftex.def Info: slike/nfc_diagram.png used on input line 38.
(pdftex.def)             Requested size: 393.3011pt x 113.81102pt.
 [11 <./slike/nfc_diagram.png>] [12] [13] [14]
<slike/NTAG2161.png, id=494, 602.25pt x 542.025pt>
File: slike/NTAG2161.png Graphic file (type png)
 <use slike/NTAG2161.png>
Package pdftex.def Info: slike/NTAG2161.png used on input line 149.
(pdftex.def)             Requested size: 252.9157pt x 227.62204pt.
)
[15 <./slike/NTAG2161.png>]
\openout2 = `04_BLE.aux'.

 (./04_BLE.tex
Poglavlje 4.
<slike/ble_logo.png, id=508, 321.2pt x 120.45pt>
File: slike/ble_logo.png Graphic file (type png)
 <use slike/ble_logo.png>
Package pdftex.def Info: slike/ble_logo.png used on input line 7.
(pdftex.def)             Requested size: 227.6272pt x 85.35826pt.

[16



 <./slike/ble_logo.png>] [17]
<slike/dugmasta_baterija.jpg, id=522, 652.4375pt x 652.4375pt>
File: slike/dugmasta_baterija.jpg Graphic file (type jpg)

<use slike/dugmasta_baterija.jpg>
Package pdftex.def Info: slike/dugmasta_baterija.jpg used on input line 33.
(pdftex.def)             Requested size: 113.80992pt x 113.81102pt.

Underfull \vbox (badness 3735) has occurred while \output is active []

 [18 <./slike/dugmasta_baterija.jpg>] [19] [20]
Overfull \hbox (11.59953pt too wide) in paragraph at lines 98--99
\OT1/cmr/m/n/12 nje oko-line s ci-ljem os-tva-ri-va-nja si-gurne ko-nek-cije te
 os-tva-ri-va-nje i odr^^Tzavanje
 []

[21] [22] <slike/gimbal_s10.png, id=555, 115.632pt x 93.951pt>
File: slike/gimbal_s10.png Graphic file (type png)

<use slike/gimbal_s10.png>
Package pdftex.def Info: slike/gimbal_s10.png used on input line 154.
(pdftex.def)             Requested size: 245.16513pt x 199.16928pt.
 [23 <./slike/gimbal_s10.png>]) [24]
\openout2 = `05_Izvedba.aux'.


(./05_Izvedba.tex
Poglavlje 5.

Overfull \hbox (2.86227pt too wide) in paragraph at lines 6--7
[]\OT1/cmr/m/n/12 U praksi se ko-riste i razli^^Tcite me-tode kori^^Tstenja Git
-a, od ko-jih je naj^^Tce^^Ts^^Sce kori^^Tstena
 []


Underfull \vbox (badness 6157) has occurred while \output is active []

 [25



]
<slike/git_commits.png, id=577, 491.8375pt x 195.73125pt>
File: slike/git_commits.png Graphic file (type png)

<use slike/git_commits.png>
Package pdftex.def Info: slike/git_commits.png used on input line 10.
(pdftex.def)             Requested size: 300.2906pt x 119.50148pt.
 <slike/android.jpg, id=581, 1027.84pt x 770.88pt>
File: slike/android.jpg Graphic file (type jpg)

<use slike/android.jpg>
Package pdftex.def Info: slike/android.jpg used on input line 24.
(pdftex.def)             Requested size: 151.73839pt x 113.81102pt.
 [26 <./slike/git_commits.png>] [27 <./slike/android.jpg>] [28] [29]) [30]
\openout2 = `06_Android_aplikacija.aux'.

 (./06_Android_aplikacija.tex
Poglavlje 6.

Overfull \hbox (6.1553pt too wide) in paragraph at lines 15--16
\OT1/cmr/m/n/12 Aplikacija je im-ple-men-ti-rana prema Mo-del View Pre-sen-ter 
(MVP) obli-kov-nom obrascu
 []

[31



] <slike/mvp.png, id=643, 974.64125pt x 241.90375pt>
File: slike/mvp.png Graphic file (type png)
 <use slike/mvp.png>
Package pdftex.def Info: slike/mvp.png used on input line 21.
(pdftex.def)             Requested size: 401.22653pt x 99.58464pt.

[32 <./slike/mvp.png>]
<slike/mvp_primjer.png, id=649, 541.27219pt x 273.27094pt>
File: slike/mvp_primjer.png Graphic file (type png)

<use slike/mvp_primjer.png>
Package pdftex.def Info: slike/mvp_primjer.png used on input line 38.
(pdftex.def)             Requested size: 422.67789pt x 213.39566pt.
 [33 <./slike/mvp_primjer.png>]
<slike/progressDialog.png, id=656, 1084.05pt x 370.38374pt>
File: slike/progressDialog.png Graphic file (type png)

<use slike/progressDialog.png>
Package pdftex.def Info: slike/progressDialog.png used on input line 51.
(pdftex.def)             Requested size: 249.8225pt x 85.35826pt.
 [34 <./slike/progressDialog.png>]
<slike/storeCallback.png, id=662, 301.8778pt x 95.6072pt>
File: slike/storeCallback.png Graphic file (type png)

<use slike/storeCallback.png>
Package pdftex.def Info: slike/storeCallback.png used on input line 62.
(pdftex.def)             Requested size: 269.53177pt x 85.35826pt.

Overfull \hbox (1.24564pt too wide) in paragraph at lines 68--69
\OT1/cmr/m/n/12 listu po-pusta, koje eva-lu-ira na-kon ^^Tsto mu ak-tiv-nost ja
vi da je BLE ogla^^Tsiva^^Tc prona[]den,
 []

[35 <./slike/storeCallback.png>]
<slike/intentFilter.png, id=669, 350.05782pt x 186.6975pt>
File: slike/intentFilter.png Graphic file (type png)

<use slike/intentFilter.png>
Package pdftex.def Info: slike/intentFilter.png used on input line 78.
(pdftex.def)             Requested size: 320.10745pt x 170.71652pt.

Underfull \vbox (badness 7631) has occurred while \output is active []

 [36 <./slike/intentFilter.png>] <slike/zapis_nfca.png, id=680, 3513.125pt x 20
87.8pt>
File: slike/zapis_nfca.png Graphic file (type png)

<use slike/zapis_nfca.png>
Package pdftex.def Info: slike/zapis_nfca.png used on input line 93.
(pdftex.def)             Requested size: 430.88425pt x 256.0748pt.

Overfull \hbox (0.88425pt too wide) in paragraph at lines 93--94
 [] 
 []

[37]
Underfull \vbox (badness 6510) has occurred while \output is active []

 [38 <./slike/zapis_nfca.png>]

Package hyperref Warning: Composite letter `\textasciicaron+c'
(hyperref)                not defined in PD1 encoding,
(hyperref)                removing `\textasciicaron' on input line 111.

[39] <slike/dijalozi.png, id=708, 3176.86874pt x 691.58376pt>
File: slike/dijalozi.png Graphic file (type png)

<use slike/dijalozi.png>
Package pdftex.def Info: slike/dijalozi.png used on input line 119.
(pdftex.def)             Requested size: 431.28253pt x 93.89418pt.

Overfull \hbox (1.28253pt too wide) in paragraph at lines 119--120
 [] 
 []

<slike/pocetni_ekran.png, id=710, 1084.05pt x 1927.2pt>
File: slike/pocetni_ekran.png Graphic file (type png)

<use slike/pocetni_ekran.png>
Package pdftex.def Info: slike/pocetni_ekran.png used on input line 134.
(pdftex.def)             Requested size: 192.0439pt x 341.43306pt.

Underfull \vbox (badness 10000) has occurred while \output is active []

 [40 <./slike/dijalozi.png>] <slike/poslovnica.png, id=717, 3463.94125pt x 2058
.69125pt>
File: slike/poslovnica.png Graphic file (type png)

<use slike/poslovnica.png>
Package pdftex.def Info: slike/poslovnica.png used on input line 151.
(pdftex.def)             Requested size: 430.82452pt x 256.0748pt.

Overfull \hbox (0.82452pt too wide) in paragraph at lines 151--152
 [] 
 []


Underfull \vbox (badness 5908) has occurred while \output is active []

 [41 <./slike/pocetni_ekran.png>]
Underfull \vbox (badness 2229) has occurred while \output is active []

 [42 <./slike/poslovnica.png>] <slike/fab.png, id=733, 253.94875pt x 252.945pt>
File: slike/fab.png Graphic file (type png)

<use slike/fab.png>
Package pdftex.def Info: slike/fab.png used on input line 165.
(pdftex.def)             Requested size: 85.69818pt x 85.35826pt.

<slike/detalji_poslovnice.png, id=736, 3502.08376pt x 2054.67625pt>
File: slike/detalji_poslovnice.png Graphic file (type png)

<use slike/detalji_poslovnice.png>
Package pdftex.def Info: slike/detalji_poslovnice.png used on input line 176.
(pdftex.def)             Requested size: 436.42346pt x 256.0748pt.

Overfull \hbox (6.42346pt too wide) in paragraph at lines 176--177
 [] 
 []


Overfull \hbox (9.30528pt too wide) in paragraph at lines 184--185
\OT1/cmr/m/n/12 Ekran po-pusta sadr^^Tzi op-ciju za pos-tav-lja-nje do-nje gra-
nice ja^^Tcine sig-nala BLE ogla^^Tsiva^^Tca
 []

[43 <./slike/fab.png>] <slike/postavke.png, id=743, 1084.05pt x 1927.2pt>
File: slike/postavke.png Graphic file (type png)

<use slike/postavke.png>
Package pdftex.def Info: slike/postavke.png used on input line 188.
(pdftex.def)             Requested size: 192.0439pt x 341.43306pt.
 [44 <./slike/detalji_poslovnice.png>]
Underfull \vbox (badness 1383) has occurred while \output is active []

 [45 <./slike/postavke.png>] [46]) [47]
\openout2 = `07_Internetska_aplikacija.aux'.

 (./07_Internetska_aplikacija.tex
Poglavlje 7.
<slike/web_baza.png, id=776, 963.6pt x 645.41125pt>
File: slike/web_baza.png Graphic file (type png)
 <use slike/web_baza.png>
Package pdftex.def Info: slike/web_baza.png used on input line 13.
(pdftex.def)             Requested size: 424.79399pt x 284.52756pt.

[48



]

Package hyperref Warning: Composite letter `\textasciicaron+c'
(hyperref)                not defined in PD1 encoding,
(hyperref)                removing `\textasciicaron' on input line 33.

[49 <./slike/web_baza.png>]
<slike/web_login.png, id=787, 402.50375pt x 297.11pt>
File: slike/web_login.png Graphic file (type png)

<use slike/web_login.png>
Package pdftex.def Info: slike/web_login.png used on input line 39.
(pdftex.def)             Requested size: 231.28432pt x 170.71652pt.


Package hyperref Warning: Composite letter `\textasciicaron+c'
(hyperref)                not defined in PD1 encoding,
(hyperref)                removing `\textasciicaron' on input line 46.


Package hyperref Warning: Composite letter `\textasciicaron+c'
(hyperref)                not defined in PD1 encoding,
(hyperref)                removing `\textasciicaron' on input line 46.

<slike/web_glavni.png, id=789, 1033.8625pt x 372.39125pt>
File: slike/web_glavni.png Graphic file (type png)

<use slike/web_glavni.png>
Package pdftex.def Info: slike/web_glavni.png used on input line 53.
(pdftex.def)             Requested size: 434.4717pt x 156.49014pt.

Overfull \hbox (4.4717pt too wide) in paragraph at lines 53--54
 [] 
 []

[50 <./slike/web_login.png>]
<slike/web_poslovnicaa.png, id=795, 613.29124pt x 321.2pt>
File: slike/web_poslovnicaa.png Graphic file (type png)

<use slike/web_poslovnicaa.png>
Package pdftex.def Info: slike/web_poslovnicaa.png used on input line 68.
(pdftex.def)             Requested size: 380.30214pt x 199.16928pt.

<slike/web_popusti.png, id=797, 1043.9pt x 278.03876pt>
File: slike/web_popusti.png Graphic file (type png)

<use slike/web_popusti.png>
Package pdftex.def Info: slike/web_popusti.png used on input line 78.
(pdftex.def)             Requested size: 416.62874pt x 110.96556pt.

Underfull \vbox (badness 10000) has occurred while \output is active []

 [51 <./slike/web_glavni.png>]
<slike/web_dodaj_popust.png, id=803, 708.6475pt x 564.1075pt>
File: slike/web_dodaj_popust.png Graphic file (type png)

<use slike/web_dodaj_popust.png>
Package pdftex.def Info: slike/web_dodaj_popust.png used on input line 92.
(pdftex.def)             Requested size: 428.9223pt x 341.43306pt.

Underfull \vbox (badness 4205) has occurred while \output is active []

 [52 <./slike/web_poslovnicaa.png> <./slike/web_popusti.png>]
<slike/web_kodovi.png, id=810, 796.9775pt x 204.765pt>
File: slike/web_kodovi.png Graphic file (type png)

<use slike/web_kodovi.png>
Package pdftex.def Info: slike/web_kodovi.png used on input line 105.
(pdftex.def)             Requested size: 387.60378pt x 99.58464pt.


Package hyperref Warning: Composite letter `\textasciicaron+c'
(hyperref)                not defined in PD1 encoding,
(hyperref)                removing `\textasciicaron' on input line 111.

[53 <./slike/web_dodaj_popust.png>]
<slike/web_json.png, id=818, 429.605pt x 481.8pt>
File: slike/web_json.png Graphic file (type png)
 <use slike/web_json.png>
Package pdftex.def Info: slike/web_json.png used on input line 118.
(pdftex.def)             Requested size: 279.08261pt x 312.9803pt.
)
[54 <./slike/web_kodovi.png>] [55 <./slike/web_json.png>]
\openout2 = `08_Usporedba.aux'.

 (./08_Usporedba.tex
Poglavlje 8.

Underfull \vbox (badness 6758) has occurred while \output is active []

 [56



]
LaTeX Font Info:    Try loading font information for TS1+cmr on input line 19.

(/usr/local/texlive/2015/texmf-dist/tex/latex/base/ts1cmr.fd
File: ts1cmr.fd 2014/09/29 v2.5h Standard LaTeX font definitions
) [57]) [58]
\openout2 = `09_Zakljucak.aux'.


(./09_Zakljucak.tex
Poglavlje 9.

Package hyperref Warning: Composite letter `\textasciicaron+c'
(hyperref)                not defined in PD1 encoding,
(hyperref)                removing `\textasciicaron' on input line 1.

) [59



] [60]
\openout2 = `Literatura.aux'.

 (./Literatura.tex (./0069053128_Dino_Bikić.bbl
Underfull \hbox (badness 1005) in paragraph at lines 26--29
[]\OT1/cmr/m/n/12 Ericsson. (02.2016) Eric-sson mo-bi-lity re-port. [Online]. D
os-
 []


Underfull \hbox (badness 1137) in paragraph at lines 26--29
\OT1/cmr/m/n/12 tupno na: [][]$http : / / www . ericsson . com / res / docs / 2
016 / mobility-[]report /
 []


Underfull \hbox (badness 1902) in paragraph at lines 73--77
[]\OT1/cmr/m/n/12 N. Pro-ducts. (02.08.2013.) NTAG216 NFC mo-dul spe-
 []


Underfull \hbox (badness 2689) in paragraph at lines 73--77
\OT1/cmr/m/n/12 ci-fi-ka-cija. [Online]. Dos-tupno na: [][]$http : / / www . nx
p . com /
 []


Underfull \hbox (badness 10000) in paragraph at lines 73--77
\OT1/cmr/m/n/12 products / identi^^Lcation-[]and-[]security / smart-[]label-[]a
nd-[]tag-[]ics / ntag /
 []


Underfull \hbox (badness 10000) in paragraph at lines 73--77
\OT1/cmr/m/n/12 nfc-[]forum-[]type-[]2-[]tag-[]compliant-[]ic-[]with-[]144-[]50
4-[]888-[]bytes-[]user-[]memory :
 []


Underfull \hbox (badness 4229) in paragraph at lines 80--84
[]\OT1/cmr/m/n/12 Nokia. (03.10.2006) No-kia in-tro-du-ces wi-bree tec-h-no-
 []


Underfull \hbox (badness 4492) in paragraph at lines 80--84
\OT1/cmr/m/n/12 logy as open in-dus-try ini-ti-ative. [Online]. Dos-
 []

[61



]
Underfull \hbox (badness 2073) in paragraph at lines 159--163
[]\OT1/cmr/m/n/12 F. Ma-njoo. (28.05.2015.) A murky road ahead for
 []


Underfull \hbox (badness 4266) in paragraph at lines 159--163
\OT1/cmr/m/n/12 An-droid, des-pite mar-ket do-mi-nance. [Online]. Dos-
 []

[62] [63])) [64]
\openout2 = `Reference.aux'.


No file Reference.tex.
Package atveryend Info: Empty hook `BeforeClearDocument' on input line 84.
Package atveryend Info: Empty hook `AfterLastShipout' on input line 84.
(./0069053128_Dino_Bikić.aux (./01_Uvod.aux) (./02_Specifikacija_rada.aux)
(./03_NFC.aux) (./04_BLE.aux) (./05_Izvedba.aux) (./06_Android_aplikacija.aux)
(./07_Internetska_aplikacija.aux) (./08_Usporedba.aux) (./09_Zakljucak.aux)
(./Literatura.aux) (./Reference.aux))
Package atveryend Info: Executing hook `AtVeryEndDocument' on input line 84.
Package atveryend Info: Executing hook `AtEndAfterFileList' on input line 84.
Package rerunfilecheck Info: File `0069053128_Dino_Bikić.out' has not changed
.
(rerunfilecheck)             Checksum: C73CF9B8C549D92272473BBBE2DF1303;3013.
Package atveryend Info: Empty hook `AtVeryVeryEnd' on input line 84.
 ) 
Here is how much of TeX's memory you used:
 16922 strings out of 493089
 327192 string characters out of 6134842
 374448 words of memory out of 5000000
 19874 multiletter control sequences out of 15000+600000
 14140 words of font info for 52 fonts, out of 8000000 for 9000
 1142 hyphenation exceptions out of 8191
 44i,7n,39p,10424b,848s stack positions out of 5000i,500n,10000p,200000b,80000s
{/usr/local/texlive/2015/texmf-dist/fonts/enc/dvips/cm-super/cm-super-ts1.enc
}</usr/local/texlive/2015/texmf-dist/fonts/type1/public/amsfonts/cm/cmbx12.pfb>
</usr/local/texlive/2015/texmf-dist/fonts/type1/public/amsfonts/cm/cmr12.pfb></
usr/local/texlive/2015/texmf-dist/fonts/type1/public/amsfonts/cm/cmr17.pfb></us
r/local/texlive/2015/texmf-dist/fonts/type1/public/amsfonts/cm/cmr8.pfb></usr/l
ocal/texlive/2015/texmf-dist/fonts/type1/public/amsfonts/cm/cmsl12.pfb></usr/lo
cal/texlive/2015/texmf-dist/fonts/type1/public/amsfonts/cm/cmsy10.pfb></usr/loc
al/texlive/2015/texmf-dist/fonts/type1/public/amsfonts/cm/cmti12.pfb></usr/loca
l/texlive/2015/texmf-dist/fonts/type1/public/amsfonts/cm/cmtt12.pfb></usr/local
/texlive/2015/texmf-dist/fonts/type1/public/cm-super/sfrm1200.pfb>
Output written on 0069053128_Dino_Bikić.pdf (77 pages, 2654281 bytes).
PDF statistics:
 1056 PDF objects out of 1200 (max. 8388607)
 913 compressed objects within 10 object streams
 235 named destinations out of 1000 (max. 500000)
 553 words of extra memory for PDF output out of 10000 (max. 10000000)

