\BOOKMARK [0][-]{chapter*.2}{Popis slika}{}% 1
\BOOKMARK [0][-]{chapter*.3}{Popis tablica}{}% 2
\BOOKMARK [0][-]{chapter*.4}{Kazalo}{}% 3
\BOOKMARK [0][-]{chapter.1}{Specifikacija rada}{}% 4
\BOOKMARK [1][-]{section.1.1}{Specifikacija sustava}{chapter.1}% 5
\BOOKMARK [1][-]{section.1.2}{Rezultati}{chapter.1}% 6
\BOOKMARK [0][-]{chapter.2}{NFC tehnologija}{}% 7
\BOOKMARK [1][-]{section.2.1}{Arhitektura}{chapter.2}% 8
\BOOKMARK [2][-]{subsection.2.1.1}{Aktivna komunikacija}{section.2.1}% 9
\BOOKMARK [2][-]{subsection.2.1.2}{Pasivna komunikacija}{section.2.1}% 10
\BOOKMARK [1][-]{section.2.2}{Primjena}{chapter.2}% 11
\BOOKMARK [0][-]{chapter.3}{BLE tehnologija}{}% 12
\BOOKMARK [1][-]{section.3.1}{Arhitektura}{chapter.3}% 13
\BOOKMARK [1][-]{section.3.2}{Topologija mre\236e}{chapter.3}% 14
\BOOKMARK [2][-]{subsection.3.2.1}{Ogla\235avanje}{section.3.2}% 15
\BOOKMARK [2][-]{subsection.3.2.2}{Uparivanje}{section.3.2}% 16
\BOOKMARK [1][-]{section.3.3}{Primjena}{chapter.3}% 17
\BOOKMARK [0][-]{appendix.A}{Naslov priloga}{}% 18
\BOOKMARK [1][-]{section.A.1}{Naslov sekcije}{appendix.A}% 19
\BOOKMARK [1][-]{section.A.2}{Naslov sekcije}{appendix.A}% 20
\BOOKMARK [0][-]{appendix*.14}{Bibliografija}{}% 21
