This is pdfTeX, Version 3.14159265-2.6-1.40.16 (TeX Live 2015) (preloaded format=pdflatex 2016.4.25)  26 APR 2016 20:53
entering extended mode
 restricted \write18 enabled.
 file:line:error style messages enabled.
 %&-line parsing enabled.
**JMBAG_Ime_Prezime.tex
(./JMBAG_Ime_Prezime.tex
LaTeX2e <2015/01/01>
Babel <3.9l> and hyphenation patterns for 79 languages loaded.
(./tex_aux/rithesis_preamble.tex (./tex_aux/rithesis.cls
Document Class: tex_aux/rithesis 1995/10/31 UNM EECE dissertation class-mod 03/
27/02
(/usr/local/texlive/2015/texmf-dist/tex/latex/base/inputenc.sty
Package: inputenc 2015/03/17 v1.2c Input encoding file
\inpenc@prehook=\toks14
\inpenc@posthook=\toks15

(/usr/local/texlive/2015/texmf-dist/tex/latex/base/cp1250.def
File: cp1250.def 2015/03/17 v1.2c Input encoding file
))
(/usr/local/texlive/2015/texmf-dist/tex/latex/graphics/color.sty
Package: color 2014/10/28 v1.1a Standard LaTeX Color (DPC)

(/usr/local/texlive/2015/texmf-dist/tex/latex/latexconfig/color.cfg
File: color.cfg 2007/01/18 v1.5 color configuration of teTeX/TeXLive
)
Package color Info: Driver file: pdftex.def on input line 142.

(/usr/local/texlive/2015/texmf-dist/tex/latex/pdftex-def/pdftex.def
File: pdftex.def 2011/05/27 v0.06d Graphics/color for pdfTeX

(/usr/local/texlive/2015/texmf-dist/tex/generic/oberdiek/infwarerr.sty
Package: infwarerr 2010/04/08 v1.3 Providing info/warning/error messages (HO)
)
(/usr/local/texlive/2015/texmf-dist/tex/generic/oberdiek/ltxcmds.sty
Package: ltxcmds 2011/11/09 v1.22 LaTeX kernel commands for general use (HO)
)
\Gread@gobject=\count79
))
(./tex_aux/ri12.clo
File: ri12.clo 1995/07/26 Standard UNM file (size option)-mod 09/17/01
)
\@chosenpointsize=\skip41
\@scaledpointsize=\skip42
\@fancybox=\box26
\do@VerbBox=\toks16
\@temptextheight=\skip43
\@temptextwidth=\skip44
\@temptopmargin=\skip45
\@tempheadheight=\skip46
\@tempheadsep=\skip47
\@tempfootskip=\skip48
\c@part=\count80
\c@chapter=\count81
\c@section=\count82
\c@subsection=\count83
\c@subsubsection=\count84
\c@paragraph=\count85
\c@subparagraph=\count86
\c@figure=\count87
\c@table=\count88
\abovecaptionskip=\skip49
\belowcaptionskip=\skip50
\bibindent=\dimen102
)
(/usr/local/texlive/2015/texmf-dist/tex/generic/babel/babel.sty
Package: babel 2014/09/25 3.9l The Babel package

(/usr/local/texlive/2015/texmf-dist/tex/generic/babel-croatian/croatian.ldf
Language: croatian 2014/03/31 v1.3m Croatian support from the babel system

(/usr/local/texlive/2015/texmf-dist/tex/generic/babel/babel.def
File: babel.def 2014/09/25 3.9l Babel common definitions
\babel@savecnt=\count89
\U@D=\dimen103
)))
(/usr/local/texlive/2015/texmf-dist/tex/latex/graphics/graphicx.sty
Package: graphicx 2014/10/28 v1.0g Enhanced LaTeX Graphics (DPC,SPQR)

(/usr/local/texlive/2015/texmf-dist/tex/latex/graphics/keyval.sty
Package: keyval 2014/10/28 v1.15 key=value parser (DPC)
\KV@toks@=\toks17
)
(/usr/local/texlive/2015/texmf-dist/tex/latex/graphics/graphics.sty
Package: graphics 2014/10/28 v1.0p Standard LaTeX Graphics (DPC,SPQR)

(/usr/local/texlive/2015/texmf-dist/tex/latex/graphics/trig.sty
Package: trig 1999/03/16 v1.09 sin cos tan (DPC)
)
(/usr/local/texlive/2015/texmf-dist/tex/latex/latexconfig/graphics.cfg
File: graphics.cfg 2010/04/23 v1.9 graphics configuration of TeX Live
)
Package graphics Info: Driver file: pdftex.def on input line 94.
)
\Gin@req@height=\dimen104
\Gin@req@width=\dimen105
)
(/usr/local/texlive/2015/texmf-dist/tex/latex/caption/caption.sty
Package: caption 2013/05/02 v3.3-89 Customizing captions (AR)

(/usr/local/texlive/2015/texmf-dist/tex/latex/caption/caption3.sty
Package: caption3 2013/05/02 v1.6-88 caption3 kernel (AR)
Package caption3 Info: TeX engine: e-TeX on input line 57.
\captionmargin=\dimen106
\captionmargin@=\dimen107
\captionwidth=\dimen108
\caption@tempdima=\dimen109
\caption@indent=\dimen110
\caption@parindent=\dimen111
\caption@hangindent=\dimen112
)
\c@ContinuedFloat=\count90
)
(/usr/local/texlive/2015/texmf-dist/tex/latex/subfig/subfig.sty
Package: subfig 2005/06/28 ver: 1.3 subfig package
\c@KVtest=\count91
\sf@farskip=\skip51
\sf@captopadj=\dimen113
\sf@capskip=\skip52
\sf@nearskip=\skip53
\c@subfigure=\count92
\c@subfigure@save=\count93
\c@lofdepth=\count94
\c@subtable=\count95
\c@subtable@save=\count96
\c@lotdepth=\count97
\sf@top=\skip54
\sf@bottom=\skip55
)
(/usr/local/texlive/2015/texmf-dist/tex/latex/amsmath/amsmath.sty
Package: amsmath 2013/01/14 v2.14 AMS math features
\@mathmargin=\skip56

For additional information on amsmath, use the `?' option.
(/usr/local/texlive/2015/texmf-dist/tex/latex/amsmath/amstext.sty
Package: amstext 2000/06/29 v2.01

(/usr/local/texlive/2015/texmf-dist/tex/latex/amsmath/amsgen.sty
File: amsgen.sty 1999/11/30 v2.0
\@emptytoks=\toks18
\ex@=\dimen114
))
(/usr/local/texlive/2015/texmf-dist/tex/latex/amsmath/amsbsy.sty
Package: amsbsy 1999/11/29 v1.2d
\pmbraise@=\dimen115
)
(/usr/local/texlive/2015/texmf-dist/tex/latex/amsmath/amsopn.sty
Package: amsopn 1999/12/14 v2.01 operator names
)
\inf@bad=\count98
LaTeX Info: Redefining \frac on input line 210.
\uproot@=\count99
\leftroot@=\count100
LaTeX Info: Redefining \overline on input line 306.
\classnum@=\count101
\DOTSCASE@=\count102
LaTeX Info: Redefining \ldots on input line 378.
LaTeX Info: Redefining \dots on input line 381.
LaTeX Info: Redefining \cdots on input line 466.
\Mathstrutbox@=\box27
\strutbox@=\box28
\big@size=\dimen116
LaTeX Font Info:    Redeclaring font encoding OML on input line 566.
LaTeX Font Info:    Redeclaring font encoding OMS on input line 567.
\macc@depth=\count103
\c@MaxMatrixCols=\count104
\dotsspace@=\muskip10
\c@parentequation=\count105
\dspbrk@lvl=\count106
\tag@help=\toks19
\row@=\count107
\column@=\count108
\maxfields@=\count109
\andhelp@=\toks20
\eqnshift@=\dimen117
\alignsep@=\dimen118
\tagshift@=\dimen119
\tagwidth@=\dimen120
\totwidth@=\dimen121
\lineht@=\dimen122
\@envbody=\toks21
\multlinegap=\skip57
\multlinetaggap=\skip58
\mathdisplay@stack=\toks22
LaTeX Info: Redefining \[ on input line 2665.
LaTeX Info: Redefining \] on input line 2666.
)
(/usr/local/texlive/2015/texmf-dist/tex/latex/amsfonts/amssymb.sty
Package: amssymb 2013/01/14 v3.01 AMS font symbols

(/usr/local/texlive/2015/texmf-dist/tex/latex/amsfonts/amsfonts.sty
Package: amsfonts 2013/01/14 v3.01 Basic AMSFonts support
\symAMSa=\mathgroup4
\symAMSb=\mathgroup5
LaTeX Font Info:    Overwriting math alphabet `\mathfrak' in version `bold'
(Font)                  U/euf/m/n --> U/euf/b/n on input line 106.
))
(/usr/local/texlive/2015/texmf-dist/tex/latex/graphics/epsfig.sty
Package: epsfig 1999/02/16 v1.7a (e)psfig emulation (SPQR)
\epsfxsize=\dimen123
\epsfysize=\dimen124
)
(/usr/local/texlive/2015/texmf-dist/tex/latex/oberdiek/epstopdf.sty
Package: epstopdf 2010/02/09 v2.5 Conversion with epstopdf on the fly (HO)

(/usr/local/texlive/2015/texmf-dist/tex/latex/oberdiek/epstopdf-base.sty
Package: epstopdf-base 2010/02/09 v2.5 Base part for package epstopdf

(/usr/local/texlive/2015/texmf-dist/tex/latex/oberdiek/grfext.sty
Package: grfext 2010/08/19 v1.1 Manage graphics extensions (HO)

(/usr/local/texlive/2015/texmf-dist/tex/generic/oberdiek/kvdefinekeys.sty
Package: kvdefinekeys 2011/04/07 v1.3 Define keys (HO)
))
(/usr/local/texlive/2015/texmf-dist/tex/latex/oberdiek/kvoptions.sty
Package: kvoptions 2011/06/30 v3.11 Key value format for package options (HO)

(/usr/local/texlive/2015/texmf-dist/tex/generic/oberdiek/kvsetkeys.sty
Package: kvsetkeys 2012/04/25 v1.16 Key value parser (HO)

(/usr/local/texlive/2015/texmf-dist/tex/generic/oberdiek/etexcmds.sty
Package: etexcmds 2011/02/16 v1.5 Avoid name clashes with e-TeX commands (HO)

(/usr/local/texlive/2015/texmf-dist/tex/generic/oberdiek/ifluatex.sty
Package: ifluatex 2010/03/01 v1.3 Provides the ifluatex switch (HO)
Package ifluatex Info: LuaTeX not detected.
)
Package etexcmds Info: Could not find \expanded.
(etexcmds)             That can mean that you are not using pdfTeX 1.50 or
(etexcmds)             that some package has redefined \expanded.
(etexcmds)             In the latter case, load this package earlier.
)))
(/usr/local/texlive/2015/texmf-dist/tex/generic/oberdiek/pdftexcmds.sty
Package: pdftexcmds 2011/11/29 v0.20 Utility functions of pdfTeX for LuaTeX (HO
)

(/usr/local/texlive/2015/texmf-dist/tex/generic/oberdiek/ifpdf.sty
Package: ifpdf 2011/01/30 v2.3 Provides the ifpdf switch (HO)
Package ifpdf Info: pdfTeX in PDF mode is detected.
)
Package pdftexcmds Info: LuaTeX not detected.
Package pdftexcmds Info: \pdf@primitive is available.
Package pdftexcmds Info: \pdf@ifprimitive is available.
Package pdftexcmds Info: \pdfdraftmode found.
)
Package grfext Info: Graphics extension search list:
(grfext)             [.png,.pdf,.jpg,.mps,.jpeg,.jbig2,.jb2,.PNG,.PDF,.JPG,.JPE
G,.JBIG2,.JB2,.eps]
(grfext)             \AppendGraphicsExtensions on input line 452.

(/usr/local/texlive/2015/texmf-dist/tex/latex/latexconfig/epstopdf-sys.cfg
File: epstopdf-sys.cfg 2010/07/13 v1.3 Configuration of (r)epstopdf for TeX Liv
e
)))
(/usr/local/texlive/2015/texmf-dist/tex/latex/placeins/placeins.sty
Package: placeins 2005/04/18  v 2.2
)
(/usr/local/texlive/2015/texmf-dist/tex/latex/psfrag/psfrag.sty
Package: psfrag 1998/04/11 v3.04 PSfrag (MCG)
\pfg@pcount=\count110
\pfg@scount=\count111
\pfg@temp=\write3
)
(/usr/local/texlive/2015/texmf-dist/tex/latex/hyperref/hyperref.sty
Package: hyperref 2012/11/06 v6.83m Hypertext links for LaTeX

(/usr/local/texlive/2015/texmf-dist/tex/generic/oberdiek/hobsub-hyperref.sty
Package: hobsub-hyperref 2012/05/28 v1.13 Bundle oberdiek, subset hyperref (HO)


(/usr/local/texlive/2015/texmf-dist/tex/generic/oberdiek/hobsub-generic.sty
Package: hobsub-generic 2012/05/28 v1.13 Bundle oberdiek, subset generic (HO)
Package: hobsub 2012/05/28 v1.13 Construct package bundles (HO)
Package hobsub Info: Skipping package `infwarerr' (already loaded).
Package hobsub Info: Skipping package `ltxcmds' (already loaded).
Package hobsub Info: Skipping package `ifluatex' (already loaded).
Package: ifvtex 2010/03/01 v1.5 Detect VTeX and its facilities (HO)
Package ifvtex Info: VTeX not detected.
Package: intcalc 2007/09/27 v1.1 Expandable calculations with integers (HO)
Package hobsub Info: Skipping package `ifpdf' (already loaded).
Package hobsub Info: Skipping package `etexcmds' (already loaded).
Package hobsub Info: Skipping package `kvsetkeys' (already loaded).
Package hobsub Info: Skipping package `kvdefinekeys' (already loaded).
Package hobsub Info: Skipping package `pdftexcmds' (already loaded).
Package: pdfescape 2011/11/25 v1.13 Implements pdfTeX's escape features (HO)
Package: bigintcalc 2012/04/08 v1.3 Expandable calculations on big integers (HO
)
Package: bitset 2011/01/30 v1.1 Handle bit-vector datatype (HO)
Package: uniquecounter 2011/01/30 v1.2 Provide unlimited unique counter (HO)
)
Package hobsub Info: Skipping package `hobsub' (already loaded).
Package: letltxmacro 2010/09/02 v1.4 Let assignment for LaTeX macros (HO)
Package: hopatch 2012/05/28 v1.2 Wrapper for package hooks (HO)
Package: xcolor-patch 2011/01/30 xcolor patch
Package: atveryend 2011/06/30 v1.8 Hooks at the very end of document (HO)
Package atveryend Info: \enddocument detected (standard20110627).
Package: atbegshi 2011/10/05 v1.16 At begin shipout hook (HO)
Package: refcount 2011/10/16 v3.4 Data extraction from label references (HO)
Package: hycolor 2011/01/30 v1.7 Color options for hyperref/bookmark (HO)
)
(/usr/local/texlive/2015/texmf-dist/tex/generic/ifxetex/ifxetex.sty
Package: ifxetex 2010/09/12 v0.6 Provides ifxetex conditional
)
(/usr/local/texlive/2015/texmf-dist/tex/latex/oberdiek/auxhook.sty
Package: auxhook 2011/03/04 v1.3 Hooks for auxiliary files (HO)
)
\@linkdim=\dimen125
\Hy@linkcounter=\count112
\Hy@pagecounter=\count113

(/usr/local/texlive/2015/texmf-dist/tex/latex/hyperref/pd1enc.def
File: pd1enc.def 2012/11/06 v6.83m Hyperref: PDFDocEncoding definition (HO)
)
\Hy@SavedSpaceFactor=\count114

(/usr/local/texlive/2015/texmf-dist/tex/latex/latexconfig/hyperref.cfg
File: hyperref.cfg 2002/06/06 v1.2 hyperref configuration of TeXLive
)
Package hyperref Info: Option `final' set `true' on input line 4319.
Package hyperref Info: Hyper figures OFF on input line 4443.
Package hyperref Info: Link nesting OFF on input line 4448.
Package hyperref Info: Hyper index ON on input line 4451.
Package hyperref Info: Plain pages OFF on input line 4458.
Package hyperref Info: Backreferencing OFF on input line 4463.
Package hyperref Info: Implicit mode ON; LaTeX internals redefined.
Package hyperref Info: Bookmarks ON on input line 4688.
\c@Hy@tempcnt=\count115

(/usr/local/texlive/2015/texmf-dist/tex/latex/url/url.sty
\Urlmuskip=\muskip11
Package: url 2013/09/16  ver 3.4  Verb mode for urls, etc.
)
LaTeX Info: Redefining \url on input line 5041.
\XeTeXLinkMargin=\dimen126
\Fld@menulength=\count116
\Field@Width=\dimen127
\Fld@charsize=\dimen128
Package hyperref Info: Hyper figures OFF on input line 6295.
Package hyperref Info: Link nesting OFF on input line 6300.
Package hyperref Info: Hyper index ON on input line 6303.
Package hyperref Info: backreferencing OFF on input line 6310.
Package hyperref Info: Link coloring OFF on input line 6315.
Package hyperref Info: Link coloring with OCG OFF on input line 6320.
Package hyperref Info: PDF/A mode OFF on input line 6325.
LaTeX Info: Redefining \ref on input line 6365.
LaTeX Info: Redefining \pageref on input line 6369.
\Hy@abspage=\count117
\c@Item=\count118
\c@Hfootnote=\count119
)

Package hyperref Message: Driver (autodetected): hpdftex.

(/usr/local/texlive/2015/texmf-dist/tex/latex/hyperref/hpdftex.def
File: hpdftex.def 2012/11/06 v6.83m Hyperref driver for pdfTeX
\Fld@listcount=\count120
\c@bookmark@seq@number=\count121

(/usr/local/texlive/2015/texmf-dist/tex/latex/oberdiek/rerunfilecheck.sty
Package: rerunfilecheck 2011/04/15 v1.7 Rerun checks for auxiliary files (HO)
Package uniquecounter Info: New unique counter `rerunfilecheck' on input line 2
82.
)
\Hy@SectionHShift=\skip59
)
Package hyperref Info: Option `breaklinks' set `true' on input line 53.
Package hyperref Info: Option `colorlinks' set `true' on input line 53.
)

LaTeX Warning: Unused global option(s):
    [11].

(./JMBAG_Ime_Prezime.aux (./01_Uvod.aux) (./02_Specifikacija_rada.aux)
(./03_NFC.aux) (./04_BLE.aux) (./05_Izvedba.aux) (./06_Android_aplikacija.aux

LaTeX Warning: Label `fig:mvp' multiply defined.

) (./07_Internetska_aplikacija.aux) (./08_Usporedba.aux) (./09_Zakljucak.aux)
(./Prilog_1.aux) (./Literatura.aux) (./Reference.aux))
\openout1 = `JMBAG_Ime_Prezime.aux'.

LaTeX Font Info:    Checking defaults for OML/cmm/m/it on input line 14.
LaTeX Font Info:    ... okay on input line 14.
LaTeX Font Info:    Checking defaults for T1/cmr/m/n on input line 14.
LaTeX Font Info:    ... okay on input line 14.
LaTeX Font Info:    Checking defaults for OT1/cmr/m/n on input line 14.
LaTeX Font Info:    ... okay on input line 14.
LaTeX Font Info:    Checking defaults for OMS/cmsy/m/n on input line 14.
LaTeX Font Info:    ... okay on input line 14.
LaTeX Font Info:    Checking defaults for OMX/cmex/m/n on input line 14.
LaTeX Font Info:    ... okay on input line 14.
LaTeX Font Info:    Checking defaults for U/cmr/m/n on input line 14.
LaTeX Font Info:    ... okay on input line 14.
LaTeX Font Info:    Checking defaults for PD1/pdf/m/n on input line 14.
LaTeX Font Info:    ... okay on input line 14.

(/usr/local/texlive/2015/texmf-dist/tex/context/base/supp-pdf.mkii
[Loading MPS to PDF converter (version 2006.09.02).]
\scratchcounter=\count122
\scratchdimen=\dimen129
\scratchbox=\box29
\nofMPsegments=\count123
\nofMParguments=\count124
\everyMPshowfont=\toks23
\MPscratchCnt=\count125
\MPscratchDim=\dimen130
\MPnumerator=\count126
\makeMPintoPDFobject=\count127
\everyMPtoPDFconversion=\toks24
)
Package caption Info: Begin \AtBeginDocument code.
Package caption Info: subfig package v1.3 is loaded.
Package caption Info: hyperref package is loaded.
Package caption Info: End \AtBeginDocument code.
\AtBeginShipoutBox=\box30
Package hyperref Info: Link coloring ON on input line 14.
 (/usr/local/texlive/2015/texmf-dist/tex/latex/hyperref/nameref.sty
Package: nameref 2012/10/27 v2.43 Cross-referencing by name of section

(/usr/local/texlive/2015/texmf-dist/tex/generic/oberdiek/gettitlestring.sty
Package: gettitlestring 2010/12/03 v1.4 Cleanup title references (HO)
)
\c@section@level=\count128
)
LaTeX Info: Redefining \ref on input line 14.
LaTeX Info: Redefining \pageref on input line 14.
LaTeX Info: Redefining \nameref on input line 14.

(./JMBAG_Ime_Prezime.out) (./JMBAG_Ime_Prezime.out)
\@outlinefile=\write4
\openout4 = `JMBAG_Ime_Prezime.out'.

 [1
Non-PDF special ignored!


{/usr/local/texlive/2015/texmf-var/fonts/map/pdftex/updmap/pdftex.map}] [2


] [3


] [4

] (./JMBAG_Ime_Prezime.toc
LaTeX Font Info:    Try loading font information for U+msa on input line 7.

(/usr/local/texlive/2015/texmf-dist/tex/latex/amsfonts/umsa.fd
File: umsa.fd 2013/01/14 v3.01 AMS symbols A
)
LaTeX Font Info:    Try loading font information for U+msb on input line 7.

(/usr/local/texlive/2015/texmf-dist/tex/latex/amsfonts/umsb.fd
File: umsb.fd 2013/01/14 v3.01 AMS symbols B
) [5

] [6]
[7])
\tf@toc=\write5
\openout5 = `JMBAG_Ime_Prezime.toc'.

 [8] (./JMBAG_Ime_Prezime.lof [9

]
Underfull \vbox (badness 4752) has occurred while \output is active []

 [10])
\tf@lof=\write6
\openout6 = `JMBAG_Ime_Prezime.lof'.


[11] (./JMBAG_Ime_Prezime.lot)
\tf@lot=\write7
\openout7 = `JMBAG_Ime_Prezime.lot'.

 [12

] (./Kratice.tex) [13

]
\openout2 = `01_Uvod.aux'.

 (./01_Uvod.tex
Poglavlje 1.
) [1



]
\openout2 = `02_Specifikacija_rada.aux'.

 (./02_Specifikacija_rada.tex
Poglavlje 2.

Underfull \vbox (badness 6157) has occurred while \output is active []

 [2



]
<slike/nfc_sken.png, id=406, 466.74374pt x 613.29124pt>
File: slike/nfc_sken.png Graphic file (type png)

<use slike/nfc_sken.png>
Package pdftex.def Info: slike/nfc_sken.png used on input line 15.
(pdftex.def)             Requested size: 259.84349pt x 341.43306pt.
 [3] [4 <./slike/nfc_sken.png>]
<slike/ble_sken.png, id=416, 736.7525pt x 616.3025pt>
File: slike/ble_sken.png Graphic file (type png)
 <use slike/ble_sken.png>
Package pdftex.def Info: slike/ble_sken.png used on input line 25.
(pdftex.def)             Requested size: 408.17175pt x 341.43306pt.

[5 <./slike/ble_sken.png>] [6]) [7]
\openout2 = `03_NFC.aux'.

 (./03_NFC.tex
Poglavlje 3.
<slike/nfc_forsquare.png, id=444, 1128.215pt x 1200.485pt>
File: slike/nfc_forsquare.png Graphic file (type png)

<use slike/nfc_forsquare.png>
Package pdftex.def Info: slike/nfc_forsquare.png used on input line 8.
(pdftex.def)             Requested size: 160.428pt x 170.71652pt.
 [8



]
<slike/nfc_logo.png, id=453, 513.92pt x 513.92pt>
File: slike/nfc_logo.png Graphic file (type png)
 <use slike/nfc_logo.png>
Package pdftex.def Info: slike/nfc_logo.png used on input line 18.
(pdftex.def)             Requested size: 113.80771pt x 113.81102pt.

Underfull \vbox (badness 10000) has occurred while \output is active []

 [9 <./slike/nfc_forsquare.png> <./slike/nfc_logo.png>]
<slike/nfc_diagram.png, id=462, 860.21375pt x 248.93pt>
File: slike/nfc_diagram.png Graphic file (type png)

<use slike/nfc_diagram.png>
Package pdftex.def Info: slike/nfc_diagram.png used on input line 37.
(pdftex.def)             Requested size: 393.3011pt x 113.81102pt.
 [10 <./slike/nfc_diagram.png>] [11] [12] [13]
<slike/NTAG2161.png, id=491, 602.25pt x 542.025pt>
File: slike/NTAG2161.png Graphic file (type png)
 <use slike/NTAG2161.png>
Package pdftex.def Info: slike/NTAG2161.png used on input line 148.
(pdftex.def)             Requested size: 252.9157pt x 227.62204pt.

[14 <./slike/NTAG2161.png>]) [15]
\openout2 = `04_BLE.aux'.

 (./04_BLE.tex
Poglavlje 4.
<slike/ble_logo.png, id=508, 321.2pt x 120.45pt>
File: slike/ble_logo.png Graphic file (type png)
 <use slike/ble_logo.png>
Package pdftex.def Info: slike/ble_logo.png used on input line 6.
(pdftex.def)             Requested size: 227.6272pt x 85.35826pt.

Underfull \vbox (badness 4366) has occurred while \output is active []

 [16



 <./slike/ble_logo.png>] [17]
<slike/dugmasta_baterija.jpg, id=523, 652.4375pt x 652.4375pt>
File: slike/dugmasta_baterija.jpg Graphic file (type jpg)

<use slike/dugmasta_baterija.jpg>
Package pdftex.def Info: slike/dugmasta_baterija.jpg used on input line 29.
(pdftex.def)             Requested size: 113.80992pt x 113.81102pt.

Overfull \hbox (9.92749pt too wide) in paragraph at lines 40--41
\OT1/cmr/m/n/12 BLE ure[]daj mo^^Tze ko-mu-ni-ci-rati sa dru-gim ure[]dajima pr
eko dva na^^Tcina rada: ogla^^Tsavanje
 []

[18 <./slike/dugmasta_baterija.jpg>] [19]
Underfull \vbox (badness 2495) has occurred while \output is active []

 [20]
Overfull \hbox (6.37737pt too wide) in paragraph at lines 94--95
\OT1/cmr/m/n/12 nje oko-line s ci-ljem os-tva-ri-va-nja si-gurn ko-nek-cije te 
os-tva-ri-va-nje i odr^^Tzavanje
 []

[21] <slike/gimbal_s10.png, id=552, 115.632pt x 93.951pt>
File: slike/gimbal_s10.png Graphic file (type png)

<use slike/gimbal_s10.png>
Package pdftex.def Info: slike/gimbal_s10.png used on input line 150.
(pdftex.def)             Requested size: 245.16513pt x 199.16928pt.
 [22]) [23 <./slike/gimbal_s10.png>]
\openout2 = `05_Izvedba.aux'.


(./05_Izvedba.tex
Poglavlje 5.
[24



] <slike/git_commits.png, id=574, 1005.7575pt x 283.0575pt>
File: slike/git_commits.png Graphic file (type png)

<use slike/git_commits.png>
Package pdftex.def Info: slike/git_commits.png used on input line 7.
(pdftex.def)             Requested size: 424.60983pt x 119.50148pt.
 [25 <./slike/git_commits.png>] [26]) [27]
\openout2 = `06_Android_aplikacija.aux'.


(./06_Android_aplikacija.tex
Poglavlje 6.
[28



] <slike/mvp.png, id=608, 974.64125pt x 241.90375pt>
File: slike/mvp.png Graphic file (type png)
 <use slike/mvp.png>
Package pdftex.def Info: slike/mvp.png used on input line 21.
(pdftex.def)             Requested size: 401.22653pt x 99.58464pt.

[29 <./slike/mvp.png>]
<slike/mvp_primjer.png, id=614, 541.27219pt x 273.27094pt>
File: slike/mvp_primjer.png Graphic file (type png)

<use slike/mvp_primjer.png>
Package pdftex.def Info: slike/mvp_primjer.png used on input line 38.
(pdftex.def)             Requested size: 422.67789pt x 213.39566pt.
 [30 <./slike/mvp_primjer.png>]
<slike/progressDialog.png, id=622, 1084.05pt x 370.38374pt>
File: slike/progressDialog.png Graphic file (type png)

<use slike/progressDialog.png>
Package pdftex.def Info: slike/progressDialog.png used on input line 51.
(pdftex.def)             Requested size: 249.8225pt x 85.35826pt.

Overfull \hbox (34.89934pt too wide) in paragraph at lines 57--58
[]\OT1/cmr/m/n/12 Metoda get-Sto-re-Con-fi-gu-ra-tion() kre-ira zah-tjev za kon
-fi-gu-ra-ci-jom pos-lov-nice poslu^^Tzitelju.
 []

[31 <./slike/progressDialog.png>]
<slike/storeCallback.png, id=628, 301.8778pt x 95.6072pt>
File: slike/storeCallback.png Graphic file (type png)

<use slike/storeCallback.png>
Package pdftex.def Info: slike/storeCallback.png used on input line 62.
(pdftex.def)             Requested size: 269.53177pt x 85.35826pt.
 [32 <./slike/storeCallback.png>]
<slike/intentFilter.png, id=635, 350.05782pt x 186.6975pt>
File: slike/intentFilter.png Graphic file (type png)

<use slike/intentFilter.png>
Package pdftex.def Info: slike/intentFilter.png used on input line 78.
(pdftex.def)             Requested size: 320.10745pt x 170.71652pt.

Underfull \vbox (badness 10000) has occurred while \output is active []

 [33]
<slike/zapis_nfca.png, id=648, 3513.125pt x 2087.8pt>
File: slike/zapis_nfca.png Graphic file (type png)

<use slike/zapis_nfca.png>
Package pdftex.def Info: slike/zapis_nfca.png used on input line 93.
(pdftex.def)             Requested size: 430.88425pt x 256.0748pt.

Overfull \hbox (0.88425pt too wide) in paragraph at lines 93--94
 [] 
 []


Underfull \vbox (badness 10000) has occurred while \output is active []

 [34 <./slike/intentFilter.png>]
Underfull \vbox (badness 3058) has occurred while \output is active []

 [35 <./slike/zapis_nfca.png>]

Package hyperref Warning: Composite letter `\textasciicaron+c'
(hyperref)                not defined in PD1 encoding,
(hyperref)                removing `\textasciicaron' on input line 111.

[36] <slike/dijalozi.png, id=673, 3176.86874pt x 691.58376pt>
File: slike/dijalozi.png Graphic file (type png)

<use slike/dijalozi.png>
Package pdftex.def Info: slike/dijalozi.png used on input line 119.
(pdftex.def)             Requested size: 431.28253pt x 93.89418pt.

Overfull \hbox (1.28253pt too wide) in paragraph at lines 119--120
 [] 
 []

<slike/pocetni_ekran.png, id=675, 1084.05pt x 1927.2pt>
File: slike/pocetni_ekran.png Graphic file (type png)

<use slike/pocetni_ekran.png>
Package pdftex.def Info: slike/pocetni_ekran.png used on input line 134.
(pdftex.def)             Requested size: 192.0439pt x 341.43306pt.
 [37 <./slike/dijalozi.png>] [38 <./slike/pocetni_ekran.png>] <slike/poslovnica
.png, id=688, 3463.94125pt x 2058.69125pt>
File: slike/poslovnica.png Graphic file (type png)

<use slike/poslovnica.png>
Package pdftex.def Info: slike/poslovnica.png used on input line 151.
(pdftex.def)             Requested size: 430.82452pt x 256.0748pt.

Overfull \hbox (0.82452pt too wide) in paragraph at lines 151--152
 [] 
 []

[39 <./slike/poslovnica.png>]
<slike/detalji_poslovnice.png, id=698, 3502.08376pt x 2054.67625pt>
File: slike/detalji_poslovnice.png Graphic file (type png)

<use slike/detalji_poslovnice.png>
Package pdftex.def Info: slike/detalji_poslovnice.png used on input line 168.
(pdftex.def)             Requested size: 436.42346pt x 256.0748pt.

Overfull \hbox (6.42346pt too wide) in paragraph at lines 168--169
 [] 
 []


Overfull \hbox (13.22191pt too wide) in paragraph at lines 176--178
\OT1/cmr/m/n/12 Ekran po-pusta sadr^^Tzi op-ciju za pos-tav-lja-nje gor-nje gra
-nice ja^^Tcine sig-nala BLE ogla^^Tsiva^^Tca
 []

<slike/postavke.png, id=700, 1084.05pt x 1927.2pt>
File: slike/postavke.png Graphic file (type png)
 <use slike/postavke.png>
Package pdftex.def Info: slike/postavke.png used on input line 182.
(pdftex.def)             Requested size: 192.0439pt x 341.43306pt.

[40] [41 <./slike/detalji_poslovnice.png>] [42 <./slike/postavke.png>] [43

]
Overfull \hbox (5.58987pt too wide) in paragraph at lines 215--216
[]\OT1/cmr/m/n/12 Knji^^Tzica koja uvodi ano-ta-cije koje po-ve-zuju kom-po-nen
tu ko-risni^^Tckog su^^Tcelja
 []

) [44]
\openout2 = `07_Internetska_aplikacija.aux'.

 (./07_Internetska_aplikacija.tex
Poglavlje 7.
<slike/web_baza.png, id=738, 963.6pt x 645.41125pt>
File: slike/web_baza.png Graphic file (type png)
 <use slike/web_baza.png>
Package pdftex.def Info: slike/web_baza.png used on input line 12.
(pdftex.def)             Requested size: 424.79399pt x 284.52756pt.

[45



] [46 <./slike/web_baza.png>]

Package hyperref Warning: Composite letter `\textasciicaron+c'
(hyperref)                not defined in PD1 encoding,
(hyperref)                removing `\textasciicaron' on input line 50.

<slike/web_login.png, id=748, 402.50375pt x 297.11pt>
File: slike/web_login.png Graphic file (type png)

<use slike/web_login.png>
Package pdftex.def Info: slike/web_login.png used on input line 56.
(pdftex.def)             Requested size: 192.73897pt x 142.26378pt.


Package hyperref Warning: Composite letter `\textasciicaron+c'
(hyperref)                not defined in PD1 encoding,
(hyperref)                removing `\textasciicaron' on input line 63.


Package hyperref Warning: Composite letter `\textasciicaron+c'
(hyperref)                not defined in PD1 encoding,
(hyperref)                removing `\textasciicaron' on input line 63.

[47 <./slike/web_login.png>]
<slike/web_glavni.png, id=754, 1087.06125pt x 358.33875pt>
File: slike/web_glavni.png Graphic file (type png)

<use slike/web_glavni.png>
Package pdftex.def Info: slike/web_glavni.png used on input line 70.
(pdftex.def)             Requested size: 431.58229pt x 142.26378pt.

Overfull \hbox (1.58229pt too wide) in paragraph at lines 70--71
 [] 
 []

<slike/web_poslovnicaa.png, id=756, 558.085pt x 330.23375pt>
File: slike/web_poslovnicaa.png Graphic file (type png)

<use slike/web_poslovnicaa.png>
Package pdftex.def Info: slike/web_poslovnicaa.png used on input line 85.
(pdftex.def)             Requested size: 336.5993pt x 199.16928pt.

<slike/web_popusti.png, id=758, 1086.0575pt x 283.0575pt>
File: slike/web_popusti.png Graphic file (type png)

<use slike/web_popusti.png>
Package pdftex.def Info: slike/web_popusti.png used on input line 95.
(pdftex.def)             Requested size: 425.7482pt x 110.96556pt.
 [48 <./slike/web_glavni.png>]
<slike/web_dodaj_popust.png, id=765, 310.15875pt x 532.99126pt>
File: slike/web_dodaj_popust.png Graphic file (type png)

<use slike/web_dodaj_popust.png>
Package pdftex.def Info: slike/web_dodaj_popust.png used on input line 110.
(pdftex.def)             Requested size: 165.57597pt x 284.52756pt.

Underfull \vbox (badness 10000) has occurred while \output is active []

 [49 <./slike/web_poslovnicaa.png> <./slike/web_popusti.png>]
<slike/web_kodovi.png, id=772, 1084.05pt x 161.60374pt>
File: slike/web_kodovi.png Graphic file (type png)

<use slike/web_kodovi.png>
Package pdftex.def Info: slike/web_kodovi.png used on input line 123.
(pdftex.def)             Requested size: 419.89963pt x 62.59596pt.

Underfull \vbox (badness 10000) has occurred while \output is active []

 [50 <./slike/web_dodaj_popust.png>]

Package hyperref Warning: Composite letter `\textasciicaron+c'
(hyperref)                not defined in PD1 encoding,
(hyperref)                removing `\textasciicaron' on input line 131.

[51 <./slike/web_kodovi.png>]
<slike/web_json.png, id=784, 429.605pt x 481.8pt>
File: slike/web_json.png Graphic file (type png)
 <use slike/web_json.png>
Package pdftex.def Info: slike/web_json.png used on input line 138.
(pdftex.def)             Requested size: 228.33853pt x 256.0748pt.
)
[52 <./slike/web_json.png>]
\openout2 = `08_Usporedba.aux'.

 (./08_Usporedba.tex
Poglavlje 8.
) [53



]
\openout2 = `09_Zakljucak.aux'.

 (./09_Zakljucak.tex
Poglavlje 9.
) [54



]
\openout2 = `Prilog_1.aux'.

 (./Prilog_1.tex
Dodatak A.
) [55



]
\openout2 = `Literatura.aux'.

 (./Literatura.tex (./JMBAG_Ime_Prezime.bbl
Underfull \hbox (badness 1521) in paragraph at lines 26--29
[]\OT1/cmr/m/n/12 Ericsson. (2016) Eric-sson mo-bi-lity re-port. [Online]. Dos-

 []


Underfull \hbox (badness 1137) in paragraph at lines 26--29
\OT1/cmr/m/n/12 tupno na: [][]$http : / / www . ericsson . com / res / docs / 2
016 / mobility-[]report /
 []


Underfull \hbox (badness 10000) in paragraph at lines 70--73
\OT1/cmr/m/n/12 www . nxp . com / products / identi^^Lcation-[]and-[]security /
 smart-[]label-[]and-[]tag-[]ics /
 []


Underfull \hbox (badness 10000) in paragraph at lines 70--73
\OT1/cmr/m/n/12 ntag / nfc-[]forum-[]type-[]2-[]tag-[]compliant-[]ic-[]with-[]1
44-[]504-[]888-[]bytes-[]user-[]memory :
 []

[56



]
LaTeX Font Info:    Try loading font information for OMS+cmr on input line 112.

 (/usr/local/texlive/2015/texmf-dist/tex/latex/base/omscmr.fd
File: omscmr.fd 2014/09/29 v2.5h Standard LaTeX font definitions
)
LaTeX Font Info:    Font shape `OMS/cmr/m/n' in size <12> not available
(Font)              Font shape `OMS/cmsy/m/n' tried instead on input line 112.
 [57]
Underfull \hbox (badness 4739) in paragraph at lines 189--192
[]\OT1/cmr/m/n/12 Android ac-tion ndef dis-co-ve-red. [Online]. Dos-tupno
 []


Underfull \hbox (badness 10000) in paragraph at lines 225--228
\OT1/cmr/m/n/12 android . com / intl / es / reference / android / telephony / T
elephonyManager . html #
 []

)) [58]
\openout2 = `Reference.aux'.


No file Reference.tex.
Package atveryend Info: Empty hook `BeforeClearDocument' on input line 94.
Package atveryend Info: Empty hook `AfterLastShipout' on input line 94.
(./JMBAG_Ime_Prezime.aux (./01_Uvod.aux) (./02_Specifikacija_rada.aux)
(./03_NFC.aux) (./04_BLE.aux) (./05_Izvedba.aux) (./06_Android_aplikacija.aux)
(./07_Internetska_aplikacija.aux) (./08_Usporedba.aux) (./09_Zakljucak.aux)
(./Prilog_1.aux) (./Literatura.aux) (./Reference.aux))
Package atveryend Info: Executing hook `AtVeryEndDocument' on input line 94.
Package atveryend Info: Executing hook `AtEndAfterFileList' on input line 94.
Package rerunfilecheck Info: File `JMBAG_Ime_Prezime.out' has not changed.
(rerunfilecheck)             Checksum: 50796DD833D9D30E8C5768E8BD8FA4BA;3098.


LaTeX Warning: There were multiply-defined labels.

Package atveryend Info: Empty hook `AtVeryVeryEnd' on input line 94.
 ) 
Here is how much of TeX's memory you used:
 8391 strings out of 493089
 126284 string characters out of 6134842
 230527 words of memory out of 5000000
 11413 multiletter control sequences out of 15000+600000
 11883 words of font info for 44 fonts, out of 8000000 for 9000
 1142 hyphenation exceptions out of 8191
 44i,7n,39p,2035b,454s stack positions out of 5000i,500n,10000p,200000b,80000s
</usr/local/texlive/2015/texmf-dist/fonts/type1/public/amsfonts/cm/cmbx12.pfb
></usr/local/texlive/2015/texmf-dist/fonts/type1/public/amsfonts/cm/cmr12.pfb><
/usr/local/texlive/2015/texmf-dist/fonts/type1/public/amsfonts/cm/cmr17.pfb></u
sr/local/texlive/2015/texmf-dist/fonts/type1/public/amsfonts/cm/cmr8.pfb></usr/
local/texlive/2015/texmf-dist/fonts/type1/public/amsfonts/cm/cmsl12.pfb></usr/l
ocal/texlive/2015/texmf-dist/fonts/type1/public/amsfonts/cm/cmsy10.pfb></usr/lo
cal/texlive/2015/texmf-dist/fonts/type1/public/amsfonts/cm/cmti12.pfb></usr/loc
al/texlive/2015/texmf-dist/fonts/type1/public/amsfonts/cm/cmtt12.pfb>
Output written on JMBAG_Ime_Prezime.pdf (71 pages, 2550543 bytes).
PDF statistics:
 953 PDF objects out of 1000 (max. 8388607)
 822 compressed objects within 9 object streams
 207 named destinations out of 1000 (max. 500000)
 554 words of extra memory for PDF output out of 10000 (max. 10000000)

